<?xml version="1.0" encoding="UTF-8"?>
<coverage generated="1600604806">
  <project timestamp="1600604806">
    <file name="/var/www/app/Console/Commands/AddYoutubeRssFeed.php">
      <class name="App\Console\Commands\AddYoutubeRssFeed" namespace="global">
        <metrics complexity="5" methods="2" coveredmethods="1" conditionals="0" coveredconditionals="0" statements="39" coveredstatements="7" elements="41" coveredelements="8"/>
      </class>
      <line num="31" type="method" name="__construct" visibility="public" complexity="1" crap="1" count="8"/>
      <line num="33" type="stmt" count="8"/>
      <line num="34" type="stmt" count="8"/>
      <line num="35" type="stmt" count="8"/>
      <line num="36" type="stmt" count="8"/>
      <line num="37" type="stmt" count="8"/>
      <line num="38" type="stmt" count="8"/>
      <line num="39" type="stmt" count="8"/>
      <line num="44" type="method" name="handle" visibility="public" complexity="4" crap="20" count="0"/>
      <line num="46" type="stmt" count="0"/>
      <line num="48" type="stmt" count="0"/>
      <line num="51" type="stmt" count="0"/>
      <line num="52" type="stmt" count="0"/>
      <line num="53" type="stmt" count="0"/>
      <line num="54" type="stmt" count="0"/>
      <line num="56" type="stmt" count="0"/>
      <line num="59" type="stmt" count="0"/>
      <line num="60" type="stmt" count="0"/>
      <line num="61" type="stmt" count="0"/>
      <line num="63" type="stmt" count="0"/>
      <line num="65" type="stmt" count="0"/>
      <line num="66" type="stmt" count="0"/>
      <line num="67" type="stmt" count="0"/>
      <line num="68" type="stmt" count="0"/>
      <line num="69" type="stmt" count="0"/>
      <line num="70" type="stmt" count="0"/>
      <line num="71" type="stmt" count="0"/>
      <line num="73" type="stmt" count="0"/>
      <line num="74" type="stmt" count="0"/>
      <line num="75" type="stmt" count="0"/>
      <line num="76" type="stmt" count="0"/>
      <line num="77" type="stmt" count="0"/>
      <line num="79" type="stmt" count="0"/>
      <line num="80" type="stmt" count="0"/>
      <line num="81" type="stmt" count="0"/>
      <line num="83" type="stmt" count="0"/>
      <line num="85" type="stmt" count="0"/>
      <line num="88" type="stmt" count="0"/>
      <line num="89" type="stmt" count="0"/>
      <line num="90" type="stmt" count="0"/>
      <line num="91" type="stmt" count="0"/>
      <metrics loc="92" ncloc="79" classes="1" methods="2" coveredmethods="1" conditionals="0" coveredconditionals="0" statements="39" coveredstatements="7" elements="41" coveredelements="8"/>
    </file>
    <file name="/var/www/app/Console/Commands/AnnounceDailyMidgameEventsOnDiscord.php">
      <class name="App\Console\Commands\AnnounceDailyMidgameEventsOnDiscord" namespace="global">
        <metrics complexity="9" methods="3" coveredmethods="0" conditionals="0" coveredconditionals="0" statements="52" coveredstatements="0" elements="55" coveredelements="0"/>
      </class>
      <line num="31" type="method" name="handle" visibility="public" complexity="5" crap="30" count="0"/>
      <line num="33" type="stmt" count="0"/>
      <line num="34" type="stmt" count="0"/>
      <line num="35" type="stmt" count="0"/>
      <line num="36" type="stmt" count="0"/>
      <line num="38" type="stmt" count="0"/>
      <line num="39" type="stmt" count="0"/>
      <line num="40" type="stmt" count="0"/>
      <line num="42" type="stmt" count="0"/>
      <line num="44" type="stmt" count="0"/>
      <line num="45" type="stmt" count="0"/>
      <line num="48" type="stmt" count="0"/>
      <line num="49" type="stmt" count="0"/>
      <line num="50" type="stmt" count="0"/>
      <line num="52" type="stmt" count="0"/>
      <line num="55" type="stmt" count="0"/>
      <line num="57" type="stmt" count="0"/>
      <line num="58" type="stmt" count="0"/>
      <line num="67" type="method" name="announceEventInLfmChannelOnDiscord" visibility="private" complexity="2" crap="6" count="0"/>
      <line num="69" type="stmt" count="0"/>
      <line num="70" type="stmt" count="0"/>
      <line num="71" type="stmt" count="0"/>
      <line num="72" type="stmt" count="0"/>
      <line num="73" type="stmt" count="0"/>
      <line num="74" type="stmt" count="0"/>
      <line num="75" type="stmt" count="0"/>
      <line num="79" type="stmt" count="0"/>
      <line num="81" type="stmt" count="0"/>
      <line num="83" type="stmt" count="0"/>
      <line num="84" type="stmt" count="0"/>
      <line num="86" type="stmt" count="0"/>
      <line num="87" type="stmt" count="0"/>
      <line num="88" type="stmt" count="0"/>
      <line num="89" type="stmt" count="0"/>
      <line num="90" type="stmt" count="0"/>
      <line num="93" type="stmt" count="0"/>
      <line num="95" type="stmt" count="0"/>
      <line num="96" type="stmt" count="0"/>
      <line num="103" type="stmt" count="0"/>
      <line num="104" type="stmt" count="0"/>
      <line num="111" type="stmt" count="0"/>
      <line num="112" type="stmt" count="0"/>
      <line num="116" type="stmt" count="0"/>
      <line num="122" type="stmt" count="0"/>
      <line num="125" type="stmt" count="0"/>
      <line num="126" type="stmt" count="0"/>
      <line num="134" type="method" name="getOgImageFromGuidePage" visibility="private" complexity="2" crap="6" count="0"/>
      <line num="136" type="stmt" count="0"/>
      <line num="137" type="stmt" count="0"/>
      <line num="139" type="stmt" count="0"/>
      <line num="140" type="stmt" count="0"/>
      <line num="141" type="stmt" count="0"/>
      <line num="142" type="stmt" count="0"/>
      <line num="144" type="stmt" count="0"/>
      <line num="147" type="stmt" count="0"/>
      <metrics loc="149" ncloc="125" classes="1" methods="3" coveredmethods="0" conditionals="0" coveredconditionals="0" statements="52" coveredstatements="0" elements="55" coveredelements="0"/>
    </file>
    <file name="/var/www/app/Console/Commands/CacheWarmup.php">
      <class name="App\Console\Commands\CacheWarmup" namespace="global">
        <metrics complexity="6" methods="3" coveredmethods="0" conditionals="0" coveredconditionals="0" statements="32" coveredstatements="0" elements="35" coveredelements="0"/>
      </class>
      <line num="27" type="method" name="handle" visibility="public" complexity="1" crap="2" count="0"/>
      <line num="29" type="stmt" count="0"/>
      <line num="30" type="stmt" count="0"/>
      <line num="31" type="stmt" count="0"/>
      <line num="32" type="stmt" count="0"/>
      <line num="33" type="stmt" count="0"/>
      <line num="34" type="stmt" count="0"/>
      <line num="35" type="stmt" count="0"/>
      <line num="36" type="stmt" count="0"/>
      <line num="37" type="stmt" count="0"/>
      <line num="38" type="stmt" count="0"/>
      <line num="39" type="stmt" count="0"/>
      <line num="40" type="stmt" count="0"/>
      <line num="41" type="stmt" count="0"/>
      <line num="42" type="stmt" count="0"/>
      <line num="43" type="stmt" count="0"/>
      <line num="44" type="stmt" count="0"/>
      <line num="46" type="method" name="cacheAllTeams" visibility="private" complexity="2" crap="6" count="0"/>
      <line num="49" type="stmt" count="0"/>
      <line num="50" type="stmt" count="0"/>
      <line num="51" type="stmt" count="0"/>
      <line num="52" type="stmt" count="0"/>
      <line num="53" type="stmt" count="0"/>
      <line num="55" type="stmt" count="0"/>
      <line num="57" type="method" name="cacheAllUsersAndCharacters" visibility="private" complexity="3" crap="12" count="0"/>
      <line num="60" type="stmt" count="0"/>
      <line num="61" type="stmt" count="0"/>
      <line num="62" type="stmt" count="0"/>
      <line num="63" type="stmt" count="0"/>
      <line num="64" type="stmt" count="0"/>
      <line num="66" type="stmt" count="0"/>
      <line num="67" type="stmt" count="0"/>
      <line num="68" type="stmt" count="0"/>
      <line num="69" type="stmt" count="0"/>
      <line num="71" type="stmt" count="0"/>
      <metrics loc="72" ncloc="59" classes="1" methods="3" coveredmethods="0" conditionals="0" coveredconditionals="0" statements="32" coveredstatements="0" elements="35" coveredelements="0"/>
    </file>
    <file name="/var/www/app/Console/Commands/CrawlSetsFromEsoSetsDotCom.php">
      <class name="App\Console\Commands\CrawlSetsFromEsoSetsDotCom" namespace="global">
        <metrics complexity="10" methods="3" coveredmethods="1" conditionals="0" coveredconditionals="0" statements="28" coveredstatements="4" elements="31" coveredelements="5"/>
      </class>
      <line num="30" type="method" name="__construct" visibility="public" complexity="1" crap="1" count="8"/>
      <line num="32" type="stmt" count="8"/>
      <line num="33" type="stmt" count="8"/>
      <line num="34" type="stmt" count="8"/>
      <line num="37" type="stmt" count="8"/>
      <line num="39" type="method" name="handle" visibility="public" complexity="8" crap="72" count="0"/>
      <line num="41" type="stmt" count="0"/>
      <line num="42" type="stmt" count="0"/>
      <line num="44" type="stmt" count="0"/>
      <line num="45" type="stmt" count="0"/>
      <line num="46" type="stmt" count="0"/>
      <line num="47" type="stmt" count="0"/>
      <line num="48" type="stmt" count="0"/>
      <line num="50" type="stmt" count="0"/>
      <line num="52" type="stmt" count="0"/>
      <line num="53" type="stmt" count="0"/>
      <line num="54" type="stmt" count="0"/>
      <line num="55" type="stmt" count="0"/>
      <line num="56" type="stmt" count="0"/>
      <line num="57" type="stmt" count="0"/>
      <line num="58" type="stmt" count="0"/>
      <line num="59" type="stmt" count="0"/>
      <line num="62" type="stmt" count="0"/>
      <line num="66" type="stmt" count="0"/>
      <line num="67" type="stmt" count="0"/>
      <line num="68" type="stmt" count="0"/>
      <line num="73" type="method" name="syncSets" visibility="private" complexity="1" crap="2" count="0"/>
      <line num="75" type="stmt" count="0"/>
      <line num="76" type="stmt" count="0"/>
      <line num="77" type="stmt" count="0"/>
      <line num="78" type="stmt" count="0"/>
      <metrics loc="79" ncloc="64" classes="1" methods="3" coveredmethods="1" conditionals="0" coveredconditionals="0" statements="28" coveredstatements="4" elements="31" coveredelements="5"/>
    </file>
    <file name="/var/www/app/Console/Commands/EmptyDiscordTestingChannel.php">
      <class name="App\Console\Commands\EmptyDiscordTestingChannel" namespace="global">
        <metrics complexity="8" methods="1" coveredmethods="0" conditionals="0" coveredconditionals="0" statements="19" coveredstatements="0" elements="20" coveredelements="0"/>
      </class>
      <line num="23" type="method" name="handle" visibility="public" complexity="8" crap="72" count="0"/>
      <line num="25" type="stmt" count="0"/>
      <line num="26" type="stmt" count="0"/>
      <line num="28" type="stmt" count="0"/>
      <line num="30" type="stmt" count="0"/>
      <line num="31" type="stmt" count="0"/>
      <line num="32" type="stmt" count="0"/>
      <line num="33" type="stmt" count="0"/>
      <line num="34" type="stmt" count="0"/>
      <line num="35" type="stmt" count="0"/>
      <line num="36" type="stmt" count="0"/>
      <line num="37" type="stmt" count="0"/>
      <line num="38" type="stmt" count="0"/>
      <line num="39" type="stmt" count="0"/>
      <line num="40" type="stmt" count="0"/>
      <line num="41" type="stmt" count="0"/>
      <line num="44" type="stmt" count="0"/>
      <line num="45" type="stmt" count="0"/>
      <line num="48" type="stmt" count="0"/>
      <line num="49" type="stmt" count="0"/>
      <metrics loc="50" ncloc="41" classes="1" methods="1" coveredmethods="0" conditionals="0" coveredconditionals="0" statements="19" coveredstatements="0" elements="20" coveredelements="0"/>
    </file>
    <file name="/var/www/app/Console/Commands/FetchEventsUsingIpsApi.php">
      <class name="App\Console\Commands\FetchEventsUsingIpsApi" namespace="global">
        <metrics complexity="7" methods="4" coveredmethods="1" conditionals="0" coveredconditionals="0" statements="34" coveredstatements="3" elements="38" coveredelements="4"/>
      </class>
      <line num="30" type="method" name="__construct" visibility="public" complexity="1" crap="1" count="8"/>
      <line num="32" type="stmt" count="8"/>
      <line num="33" type="stmt" count="8"/>
      <line num="34" type="stmt" count="8"/>
      <line num="39" type="method" name="handle" visibility="public" complexity="1" crap="2" count="0"/>
      <line num="41" type="stmt" count="0"/>
      <line num="42" type="stmt" count="0"/>
      <line num="43" type="stmt" count="0"/>
      <line num="44" type="stmt" count="0"/>
      <line num="46" type="stmt" count="0"/>
      <line num="49" type="method" name="deleteObsoleteEvents" visibility="private" complexity="1" crap="2" count="0"/>
      <line num="51" type="stmt" count="0"/>
      <line num="52" type="stmt" count="0"/>
      <line num="53" type="stmt" count="0"/>
      <line num="55" type="stmt" count="0"/>
      <line num="61" type="method" name="syncEvents" visibility="private" complexity="4" crap="20" count="0"/>
      <line num="63" type="stmt" count="0"/>
      <line num="65" type="stmt" count="0"/>
      <line num="66" type="stmt" count="0"/>
      <line num="68" type="stmt" count="0"/>
      <line num="69" type="stmt" count="0"/>
      <line num="72" type="stmt" count="0"/>
      <line num="73" type="stmt" count="0"/>
      <line num="75" type="stmt" count="0"/>
      <line num="76" type="stmt" count="0"/>
      <line num="78" type="stmt" count="0"/>
      <line num="79" type="stmt" count="0"/>
      <line num="80" type="stmt" count="0"/>
      <line num="81" type="stmt" count="0"/>
      <line num="82" type="stmt" count="0"/>
      <line num="83" type="stmt" count="0"/>
      <line num="84" type="stmt" count="0"/>
      <line num="85" type="stmt" count="0"/>
      <line num="86" type="stmt" count="0"/>
      <line num="87" type="stmt" count="0"/>
      <line num="88" type="stmt" count="0"/>
      <line num="89" type="stmt" count="0"/>
      <line num="92" type="stmt" count="0"/>
      <metrics loc="93" ncloc="75" classes="1" methods="4" coveredmethods="1" conditionals="0" coveredconditionals="0" statements="34" coveredstatements="3" elements="38" coveredelements="4"/>
    </file>
    <file name="/var/www/app/Console/Commands/FetchSetsViaPmgApi.php">
      <class name="App\Console\Commands\FetchSetsViaPmgApi" namespace="global">
        <metrics complexity="2" methods="2" coveredmethods="2" conditionals="0" coveredconditionals="0" statements="12" coveredstatements="12" elements="14" coveredelements="14"/>
      </class>
      <line num="27" type="method" name="handle" visibility="public" complexity="1" crap="1" count="2"/>
      <line num="29" type="stmt" count="2"/>
      <line num="30" type="stmt" count="2"/>
      <line num="31" type="stmt" count="2"/>
      <line num="32" type="stmt" count="2"/>
      <line num="33" type="stmt" count="2"/>
      <line num="35" type="stmt" count="2"/>
      <line num="37" type="stmt" count="2"/>
      <line num="38" type="stmt" count="2"/>
      <line num="43" type="method" name="syncSets" visibility="private" complexity="1" crap="1" count="2"/>
      <line num="45" type="stmt" count="2"/>
      <line num="46" type="stmt" count="2"/>
      <line num="47" type="stmt" count="2"/>
      <line num="48" type="stmt" count="2"/>
      <metrics loc="49" ncloc="37" classes="1" methods="2" coveredmethods="2" conditionals="0" coveredconditionals="0" statements="12" coveredstatements="12" elements="14" coveredelements="14"/>
    </file>
    <file name="/var/www/app/Console/Commands/FetchSkillsViaPmgApi.php">
      <class name="App\Console\Commands\FetchSkillsViaPmgApi" namespace="global">
        <metrics complexity="3" methods="2" coveredmethods="2" conditionals="0" coveredconditionals="0" statements="16" coveredstatements="16" elements="18" coveredelements="18"/>
      </class>
      <line num="27" type="method" name="handle" visibility="public" complexity="2" crap="2" count="1"/>
      <line num="29" type="stmt" count="1"/>
      <line num="30" type="stmt" count="1"/>
      <line num="31" type="stmt" count="1"/>
      <line num="32" type="stmt" count="1"/>
      <line num="33" type="stmt" count="1"/>
      <line num="34" type="stmt" count="1"/>
      <line num="35" type="stmt" count="1"/>
      <line num="37" type="stmt" count="1"/>
      <line num="38" type="stmt" count="1"/>
      <line num="40" type="stmt" count="1"/>
      <line num="42" type="stmt" count="1"/>
      <line num="43" type="stmt" count="1"/>
      <line num="48" type="method" name="syncSkills" visibility="private" complexity="1" crap="1" count="1"/>
      <line num="50" type="stmt" count="1"/>
      <line num="51" type="stmt" count="1"/>
      <line num="52" type="stmt" count="1"/>
      <line num="53" type="stmt" count="1"/>
      <metrics loc="54" ncloc="42" classes="1" methods="2" coveredmethods="2" conditionals="0" coveredconditionals="0" statements="16" coveredstatements="16" elements="18" coveredelements="18"/>
    </file>
    <file name="/var/www/app/Console/Commands/PopulateCypressFixtures.php">
      <class name="App\Console\Commands\PopulateCypressFixtures" namespace="global">
        <metrics complexity="1" methods="1" coveredmethods="0" conditionals="0" coveredconditionals="0" statements="12" coveredstatements="0" elements="13" coveredelements="0"/>
      </class>
      <line num="23" type="method" name="handle" visibility="public" complexity="1" crap="2" count="0"/>
      <line num="25" type="stmt" count="0"/>
      <line num="27" type="stmt" count="0"/>
      <line num="28" type="stmt" count="0"/>
      <line num="29" type="stmt" count="0"/>
      <line num="31" type="stmt" count="0"/>
      <line num="32" type="stmt" count="0"/>
      <line num="33" type="stmt" count="0"/>
      <line num="35" type="stmt" count="0"/>
      <line num="36" type="stmt" count="0"/>
      <line num="37" type="stmt" count="0"/>
      <line num="39" type="stmt" count="0"/>
      <line num="40" type="stmt" count="0"/>
      <metrics loc="41" ncloc="32" classes="1" methods="1" coveredmethods="0" conditionals="0" coveredconditionals="0" statements="12" coveredstatements="0" elements="13" coveredelements="0"/>
    </file>
    <file name="/var/www/app/Console/Commands/PruneOrphanedFiles.php">
      <class name="App\Console\Commands\PruneOrphanedFiles" namespace="global">
        <metrics complexity="8" methods="2" coveredmethods="1" conditionals="0" coveredconditionals="0" statements="31" coveredstatements="7" elements="33" coveredelements="8"/>
      </class>
      <line num="33" type="method" name="__construct" visibility="public" complexity="1" crap="1" count="8"/>
      <line num="35" type="stmt" count="8"/>
      <line num="36" type="stmt" count="8"/>
      <line num="37" type="stmt" count="8"/>
      <line num="38" type="stmt" count="8"/>
      <line num="39" type="stmt" count="8"/>
      <line num="41" type="stmt" count="8"/>
      <line num="42" type="stmt" count="8"/>
      <line num="50" type="method" name="handle" visibility="public" complexity="7" crap="56" count="0"/>
      <line num="53" type="stmt" count="0"/>
      <line num="55" type="stmt" count="0"/>
      <line num="58" type="stmt" count="0"/>
      <line num="59" type="stmt" count="0"/>
      <line num="60" type="stmt" count="0"/>
      <line num="61" type="stmt" count="0"/>
      <line num="62" type="stmt" count="0"/>
      <line num="63" type="stmt" count="0"/>
      <line num="64" type="stmt" count="0"/>
      <line num="67" type="stmt" count="0"/>
      <line num="68" type="stmt" count="0"/>
      <line num="69" type="stmt" count="0"/>
      <line num="70" type="stmt" count="0"/>
      <line num="71" type="stmt" count="0"/>
      <line num="73" type="stmt" count="0"/>
      <line num="77" type="stmt" count="0"/>
      <line num="78" type="stmt" count="0"/>
      <line num="80" type="stmt" count="0"/>
      <line num="81" type="stmt" count="0"/>
      <line num="82" type="stmt" count="0"/>
      <line num="83" type="stmt" count="0"/>
      <line num="84" type="stmt" count="0"/>
      <line num="87" type="stmt" count="0"/>
      <line num="89" type="stmt" count="0"/>
      <metrics loc="91" ncloc="70" classes="1" methods="2" coveredmethods="1" conditionals="0" coveredconditionals="0" statements="31" coveredstatements="7" elements="33" coveredelements="8"/>
    </file>
    <file name="/var/www/app/Console/Commands/RequestDpsParseRenewal.php">
      <class name="App\Console\Commands\RequestDpsParseRenewal" namespace="global">
        <metrics complexity="15" methods="2" coveredmethods="0" conditionals="0" coveredconditionals="0" statements="63" coveredstatements="0" elements="65" coveredelements="0"/>
      </class>
      <line num="32" type="method" name="handle" visibility="public" complexity="8" crap="72" count="0"/>
      <line num="34" type="stmt" count="0"/>
      <line num="36" type="stmt" count="0"/>
      <line num="37" type="stmt" count="0"/>
      <line num="38" type="stmt" count="0"/>
      <line num="39" type="stmt" count="0"/>
      <line num="40" type="stmt" count="0"/>
      <line num="41" type="stmt" count="0"/>
      <line num="42" type="stmt" count="0"/>
      <line num="43" type="stmt" count="0"/>
      <line num="44" type="stmt" count="0"/>
      <line num="46" type="stmt" count="0"/>
      <line num="47" type="stmt" count="0"/>
      <line num="49" type="stmt" count="0"/>
      <line num="50" type="stmt" count="0"/>
      <line num="52" type="stmt" count="0"/>
      <line num="53" type="stmt" count="0"/>
      <line num="54" type="stmt" count="0"/>
      <line num="58" type="stmt" count="0"/>
      <line num="59" type="stmt" count="0"/>
      <line num="60" type="stmt" count="0"/>
      <line num="61" type="stmt" count="0"/>
      <line num="62" type="stmt" count="0"/>
      <line num="64" type="stmt" count="0"/>
      <line num="66" type="stmt" count="0"/>
      <line num="67" type="stmt" count="0"/>
      <line num="68" type="stmt" count="0"/>
      <line num="72" type="stmt" count="0"/>
      <line num="73" type="stmt" count="0"/>
      <line num="74" type="stmt" count="0"/>
      <line num="75" type="stmt" count="0"/>
      <line num="76" type="stmt" count="0"/>
      <line num="81" type="stmt" count="0"/>
      <line num="83" type="stmt" count="0"/>
      <line num="84" type="stmt" count="0"/>
      <line num="86" type="stmt" count="0"/>
      <line num="88" type="stmt" count="0"/>
      <line num="91" type="method" name="notify" visibility="private" complexity="7" crap="56" count="0"/>
      <line num="93" type="stmt" count="0"/>
      <line num="95" type="stmt" count="0"/>
      <line num="96" type="stmt" count="0"/>
      <line num="98" type="stmt" count="0"/>
      <line num="99" type="stmt" count="0"/>
      <line num="100" type="stmt" count="0"/>
      <line num="103" type="stmt" count="0"/>
      <line num="104" type="stmt" count="0"/>
      <line num="105" type="stmt" count="0"/>
      <line num="106" type="stmt" count="0"/>
      <line num="111" type="stmt" count="0"/>
      <line num="112" type="stmt" count="0"/>
      <line num="114" type="stmt" count="0"/>
      <line num="115" type="stmt" count="0"/>
      <line num="116" type="stmt" count="0"/>
      <line num="117" type="stmt" count="0"/>
      <line num="120" type="stmt" count="0"/>
      <line num="121" type="stmt" count="0"/>
      <line num="122" type="stmt" count="0"/>
      <line num="123" type="stmt" count="0"/>
      <line num="124" type="stmt" count="0"/>
      <line num="125" type="stmt" count="0"/>
      <line num="128" type="stmt" count="0"/>
      <line num="130" type="stmt" count="0"/>
      <line num="131" type="stmt" count="0"/>
      <line num="136" type="stmt" count="0"/>
      <line num="146" type="stmt" count="0"/>
      <metrics loc="147" ncloc="129" classes="1" methods="2" coveredmethods="0" conditionals="0" coveredconditionals="0" statements="63" coveredstatements="0" elements="65" coveredelements="0"/>
    </file>
    <file name="/var/www/app/Console/Commands/ResetRanksByInvalidatingDpsParses.php">
      <class name="App\Console\Commands\ResetRanksByInvalidatingDpsParses" namespace="global">
        <metrics complexity="5" methods="2" coveredmethods="0" conditionals="0" coveredconditionals="0" statements="32" coveredstatements="0" elements="34" coveredelements="0"/>
      </class>
      <line num="31" type="method" name="handle" visibility="public" complexity="2" crap="6" count="0"/>
      <line num="33" type="stmt" count="0"/>
      <line num="35" type="stmt" count="0"/>
      <line num="36" type="stmt" count="0"/>
      <line num="37" type="stmt" count="0"/>
      <line num="39" type="stmt" count="0"/>
      <line num="42" type="stmt" count="0"/>
      <line num="43" type="stmt" count="0"/>
      <line num="44" type="stmt" count="0"/>
      <line num="46" type="stmt" count="0"/>
      <line num="47" type="stmt" count="0"/>
      <line num="49" type="method" name="processExistingValidDpsParsesAgainForGivenCharacterIds" visibility="private" complexity="3" crap="12" count="0"/>
      <line num="51" type="stmt" count="0"/>
      <line num="52" type="stmt" count="0"/>
      <line num="53" type="stmt" count="0"/>
      <line num="55" type="stmt" count="0"/>
      <line num="56" type="stmt" count="0"/>
      <line num="57" type="stmt" count="0"/>
      <line num="58" type="stmt" count="0"/>
      <line num="59" type="stmt" count="0"/>
      <line num="60" type="stmt" count="0"/>
      <line num="62" type="stmt" count="0"/>
      <line num="63" type="stmt" count="0"/>
      <line num="64" type="stmt" count="0"/>
      <line num="65" type="stmt" count="0"/>
      <line num="66" type="stmt" count="0"/>
      <line num="68" type="stmt" count="0"/>
      <line num="69" type="stmt" count="0"/>
      <line num="70" type="stmt" count="0"/>
      <line num="71" type="stmt" count="0"/>
      <line num="72" type="stmt" count="0"/>
      <line num="75" type="stmt" count="0"/>
      <line num="77" type="stmt" count="0"/>
      <line num="78" type="stmt" count="0"/>
      <metrics loc="79" ncloc="69" classes="1" methods="2" coveredmethods="0" conditionals="0" coveredconditionals="0" statements="32" coveredstatements="0" elements="34" coveredelements="0"/>
    </file>
    <file name="/var/www/app/Console/Commands/SyncOauthAccounts.php">
      <class name="App\Console\Commands\SyncOauthAccounts" namespace="global">
        <metrics complexity="23" methods="3" coveredmethods="0" conditionals="0" coveredconditionals="0" statements="65" coveredstatements="0" elements="68" coveredelements="0"/>
      </class>
      <line num="32" type="method" name="handle" visibility="public" complexity="7" crap="56" count="0"/>
      <line num="34" type="stmt" count="0"/>
      <line num="36" type="stmt" count="0"/>
      <line num="37" type="stmt" count="0"/>
      <line num="38" type="stmt" count="0"/>
      <line num="39" type="stmt" count="0"/>
      <line num="40" type="stmt" count="0"/>
      <line num="41" type="stmt" count="0"/>
      <line num="42" type="stmt" count="0"/>
      <line num="43" type="stmt" count="0"/>
      <line num="44" type="stmt" count="0"/>
      <line num="45" type="stmt" count="0"/>
      <line num="47" type="stmt" count="0"/>
      <line num="48" type="stmt" count="0"/>
      <line num="49" type="stmt" count="0"/>
      <line num="50" type="stmt" count="0"/>
      <line num="51" type="stmt" count="0"/>
      <line num="52" type="stmt" count="0"/>
      <line num="53" type="stmt" count="0"/>
      <line num="54" type="stmt" count="0"/>
      <line num="56" type="stmt" count="0"/>
      <line num="60" type="stmt" count="0"/>
      <line num="63" type="stmt" count="0"/>
      <line num="65" type="stmt" count="0"/>
      <line num="68" type="method" name="syncIpsMember" visibility="private" complexity="3" crap="12" count="0"/>
      <line num="70" type="stmt" count="0"/>
      <line num="71" type="stmt" count="0"/>
      <line num="72" type="stmt" count="0"/>
      <line num="74" type="stmt" count="0"/>
      <line num="75" type="stmt" count="0"/>
      <line num="76" type="stmt" count="0"/>
      <line num="77" type="stmt" count="0"/>
      <line num="78" type="stmt" count="0"/>
      <line num="79" type="stmt" count="0"/>
      <line num="80" type="stmt" count="0"/>
      <line num="81" type="stmt" count="0"/>
      <line num="83" type="stmt" count="0"/>
      <line num="85" type="stmt" count="0"/>
      <line num="88" type="method" name="syncDiscordMember" visibility="private" complexity="13" crap="182" count="0"/>
      <line num="90" type="stmt" count="0"/>
      <line num="91" type="stmt" count="0"/>
      <line num="92" type="stmt" count="0"/>
      <line num="93" type="stmt" count="0"/>
      <line num="97" type="stmt" count="0"/>
      <line num="98" type="stmt" count="0"/>
      <line num="99" type="stmt" count="0"/>
      <line num="101" type="stmt" count="0"/>
      <line num="104" type="stmt" count="0"/>
      <line num="105" type="stmt" count="0"/>
      <line num="106" type="stmt" count="0"/>
      <line num="107" type="stmt" count="0"/>
      <line num="108" type="stmt" count="0"/>
      <line num="110" type="stmt" count="0"/>
      <line num="111" type="stmt" count="0"/>
      <line num="112" type="stmt" count="0"/>
      <line num="113" type="stmt" count="0"/>
      <line num="114" type="stmt" count="0"/>
      <line num="115" type="stmt" count="0"/>
      <line num="116" type="stmt" count="0"/>
      <line num="117" type="stmt" count="0"/>
      <line num="118" type="stmt" count="0"/>
      <line num="119" type="stmt" count="0"/>
      <line num="123" type="stmt" count="0"/>
      <line num="124" type="stmt" count="0"/>
      <line num="125" type="stmt" count="0"/>
      <line num="126" type="stmt" count="0"/>
      <line num="128" type="stmt" count="0"/>
      <line num="130" type="stmt" count="0"/>
      <metrics loc="132" ncloc="115" classes="1" methods="3" coveredmethods="0" conditionals="0" coveredconditionals="0" statements="65" coveredstatements="0" elements="68" coveredelements="0"/>
    </file>
    <file name="/var/www/app/Console/Commands/SyncYoutubeLiveBroadcasts.php">
      <class name="App\Console\Commands\SyncYoutubeLiveBroadcasts" namespace="global">
        <metrics complexity="9" methods="3" coveredmethods="1" conditionals="0" coveredconditionals="0" statements="53" coveredstatements="7" elements="56" coveredelements="8"/>
      </class>
      <line num="28" type="method" name="__construct" visibility="public" complexity="1" crap="1" count="8"/>
      <line num="30" type="stmt" count="8"/>
      <line num="31" type="stmt" count="8"/>
      <line num="32" type="stmt" count="8"/>
      <line num="33" type="stmt" count="8"/>
      <line num="34" type="stmt" count="8"/>
      <line num="35" type="stmt" count="8"/>
      <line num="36" type="stmt" count="8"/>
      <line num="41" type="method" name="handle" visibility="public" complexity="7" crap="56" count="0"/>
      <line num="43" type="stmt" count="0"/>
      <line num="44" type="stmt" count="0"/>
      <line num="45" type="stmt" count="0"/>
      <line num="47" type="stmt" count="0"/>
      <line num="48" type="stmt" count="0"/>
      <line num="49" type="stmt" count="0"/>
      <line num="50" type="stmt" count="0"/>
      <line num="53" type="stmt" count="0"/>
      <line num="54" type="stmt" count="0"/>
      <line num="55" type="stmt" count="0"/>
      <line num="56" type="stmt" count="0"/>
      <line num="58" type="stmt" count="0"/>
      <line num="61" type="stmt" count="0"/>
      <line num="62" type="stmt" count="0"/>
      <line num="63" type="stmt" count="0"/>
      <line num="64" type="stmt" count="0"/>
      <line num="65" type="stmt" count="0"/>
      <line num="66" type="stmt" count="0"/>
      <line num="67" type="stmt" count="0"/>
      <line num="69" type="stmt" count="0"/>
      <line num="70" type="stmt" count="0"/>
      <line num="71" type="stmt" count="0"/>
      <line num="72" type="stmt" count="0"/>
      <line num="74" type="stmt" count="0"/>
      <line num="75" type="stmt" count="0"/>
      <line num="76" type="stmt" count="0"/>
      <line num="77" type="stmt" count="0"/>
      <line num="78" type="stmt" count="0"/>
      <line num="79" type="stmt" count="0"/>
      <line num="80" type="stmt" count="0"/>
      <line num="82" type="stmt" count="0"/>
      <line num="83" type="stmt" count="0"/>
      <line num="85" type="stmt" count="0"/>
      <line num="89" type="stmt" count="0"/>
      <line num="90" type="stmt" count="0"/>
      <line num="97" type="method" name="postOnDiscord" visibility="private" complexity="1" crap="2" count="0"/>
      <line num="99" type="stmt" count="0"/>
      <line num="100" type="stmt" count="0"/>
      <line num="101" type="stmt" count="0"/>
      <line num="102" type="stmt" count="0"/>
      <line num="103" type="stmt" count="0"/>
      <line num="104" type="stmt" count="0"/>
      <line num="105" type="stmt" count="0"/>
      <line num="107" type="stmt" count="0"/>
      <line num="110" type="stmt" count="0"/>
      <line num="111" type="stmt" count="0"/>
      <line num="112" type="stmt" count="0"/>
      <metrics loc="113" ncloc="99" classes="1" methods="3" coveredmethods="1" conditionals="0" coveredconditionals="0" statements="53" coveredstatements="7" elements="56" coveredelements="8"/>
    </file>
    <file name="/var/www/app/Console/Commands/SyncYoutubeRssFeeds.php">
      <class name="App\Console\Commands\SyncYoutubeRssFeeds" namespace="global">
        <metrics complexity="17" methods="4" coveredmethods="1" conditionals="0" coveredconditionals="0" statements="79" coveredstatements="7" elements="83" coveredelements="8"/>
      </class>
      <line num="28" type="method" name="__construct" visibility="public" complexity="1" crap="1" count="8"/>
      <line num="30" type="stmt" count="8"/>
      <line num="31" type="stmt" count="8"/>
      <line num="32" type="stmt" count="8"/>
      <line num="33" type="stmt" count="8"/>
      <line num="34" type="stmt" count="8"/>
      <line num="35" type="stmt" count="8"/>
      <line num="36" type="stmt" count="8"/>
      <line num="41" type="method" name="handle" visibility="public" complexity="13" crap="182" count="0"/>
      <line num="43" type="stmt" count="0"/>
      <line num="44" type="stmt" count="0"/>
      <line num="45" type="stmt" count="0"/>
      <line num="47" type="stmt" count="0"/>
      <line num="48" type="stmt" count="0"/>
      <line num="49" type="stmt" count="0"/>
      <line num="50" type="stmt" count="0"/>
      <line num="53" type="stmt" count="0"/>
      <line num="54" type="stmt" count="0"/>
      <line num="55" type="stmt" count="0"/>
      <line num="56" type="stmt" count="0"/>
      <line num="58" type="stmt" count="0"/>
      <line num="61" type="stmt" count="0"/>
      <line num="62" type="stmt" count="0"/>
      <line num="63" type="stmt" count="0"/>
      <line num="64" type="stmt" count="0"/>
      <line num="66" type="stmt" count="0"/>
      <line num="67" type="stmt" count="0"/>
      <line num="70" type="stmt" count="0"/>
      <line num="72" type="stmt" count="0"/>
      <line num="73" type="stmt" count="0"/>
      <line num="83" type="stmt" count="0"/>
      <line num="84" type="stmt" count="0"/>
      <line num="85" type="stmt" count="0"/>
      <line num="86" type="stmt" count="0"/>
      <line num="89" type="stmt" count="0"/>
      <line num="90" type="stmt" count="0"/>
      <line num="93" type="stmt" count="0"/>
      <line num="94" type="stmt" count="0"/>
      <line num="95" type="stmt" count="0"/>
      <line num="96" type="stmt" count="0"/>
      <line num="98" type="stmt" count="0"/>
      <line num="99" type="stmt" count="0"/>
      <line num="100" type="stmt" count="0"/>
      <line num="101" type="stmt" count="0"/>
      <line num="102" type="stmt" count="0"/>
      <line num="103" type="stmt" count="0"/>
      <line num="104" type="stmt" count="0"/>
      <line num="106" type="stmt" count="0"/>
      <line num="107" type="stmt" count="0"/>
      <line num="108" type="stmt" count="0"/>
      <line num="109" type="stmt" count="0"/>
      <line num="110" type="stmt" count="0"/>
      <line num="112" type="stmt" count="0"/>
      <line num="113" type="stmt" count="0"/>
      <line num="115" type="stmt" count="0"/>
      <line num="117" type="stmt" count="0"/>
      <line num="119" type="stmt" count="0"/>
      <line num="120" type="stmt" count="0"/>
      <line num="124" type="stmt" count="0"/>
      <line num="125" type="stmt" count="0"/>
      <line num="132" type="method" name="postOnDiscord" visibility="private" complexity="1" crap="2" count="0"/>
      <line num="134" type="stmt" count="0"/>
      <line num="135" type="stmt" count="0"/>
      <line num="136" type="stmt" count="0"/>
      <line num="137" type="stmt" count="0"/>
      <line num="138" type="stmt" count="0"/>
      <line num="139" type="stmt" count="0"/>
      <line num="140" type="stmt" count="0"/>
      <line num="142" type="stmt" count="0"/>
      <line num="145" type="stmt" count="0"/>
      <line num="146" type="stmt" count="0"/>
      <line num="147" type="stmt" count="0"/>
      <line num="149" type="method" name="postOnIps" visibility="private" complexity="2" crap="6" count="0"/>
      <line num="151" type="stmt" count="0"/>
      <line num="152" type="stmt" count="0"/>
      <line num="154" type="stmt" count="0"/>
      <line num="155" type="stmt" count="0"/>
      <line num="156" type="stmt" count="0"/>
      <line num="160" type="stmt" count="0"/>
      <line num="161" type="stmt" count="0"/>
      <line num="162" type="stmt" count="0"/>
      <line num="163" type="stmt" count="0"/>
      <line num="164" type="stmt" count="0"/>
      <metrics loc="165" ncloc="151" classes="1" methods="4" coveredmethods="1" conditionals="0" coveredconditionals="0" statements="79" coveredstatements="7" elements="83" coveredelements="8"/>
    </file>
    <file name="/var/www/app/Console/Commands/TrackAttendances.php">
      <class name="App\Console\Commands\TrackAttendances" namespace="global">
        <metrics complexity="38" methods="7" coveredmethods="1" conditionals="0" coveredconditionals="0" statements="146" coveredstatements="4" elements="153" coveredelements="5"/>
      </class>
      <line num="46" type="method" name="__construct" visibility="public" complexity="1" crap="1" count="8"/>
      <line num="48" type="stmt" count="8"/>
      <line num="49" type="stmt" count="8"/>
      <line num="50" type="stmt" count="8"/>
      <line num="51" type="stmt" count="8"/>
      <line num="56" type="method" name="handle" visibility="public" complexity="15" crap="240" count="0"/>
      <line num="58" type="stmt" count="0"/>
      <line num="59" type="stmt" count="0"/>
      <line num="60" type="stmt" count="0"/>
      <line num="61" type="stmt" count="0"/>
      <line num="62" type="stmt" count="0"/>
      <line num="63" type="stmt" count="0"/>
      <line num="64" type="stmt" count="0"/>
      <line num="66" type="stmt" count="0"/>
      <line num="67" type="stmt" count="0"/>
      <line num="68" type="stmt" count="0"/>
      <line num="69" type="stmt" count="0"/>
      <line num="72" type="stmt" count="0"/>
      <line num="74" type="stmt" count="0"/>
      <line num="75" type="stmt" count="0"/>
      <line num="77" type="stmt" count="0"/>
      <line num="78" type="stmt" count="0"/>
      <line num="79" type="stmt" count="0"/>
      <line num="82" type="stmt" count="0"/>
      <line num="83" type="stmt" count="0"/>
      <line num="84" type="stmt" count="0"/>
      <line num="85" type="stmt" count="0"/>
      <line num="89" type="stmt" count="0"/>
      <line num="90" type="stmt" count="0"/>
      <line num="91" type="stmt" count="0"/>
      <line num="94" type="stmt" count="0"/>
      <line num="96" type="stmt" count="0"/>
      <line num="97" type="stmt" count="0"/>
      <line num="98" type="stmt" count="0"/>
      <line num="99" type="stmt" count="0"/>
      <line num="100" type="stmt" count="0"/>
      <line num="101" type="stmt" count="0"/>
      <line num="102" type="stmt" count="0"/>
      <line num="104" type="stmt" count="0"/>
      <line num="107" type="stmt" count="0"/>
      <line num="108" type="stmt" count="0"/>
      <line num="111" type="stmt" count="0"/>
      <line num="112" type="stmt" count="0"/>
      <line num="113" type="stmt" count="0"/>
      <line num="121" type="method" name="cleanMessage" visibility="private" complexity="7" crap="56" count="0"/>
      <line num="124" type="stmt" count="0"/>
      <line num="125" type="stmt" count="0"/>
      <line num="126" type="stmt" count="0"/>
      <line num="127" type="stmt" count="0"/>
      <line num="128" type="stmt" count="0"/>
      <line num="130" type="stmt" count="0"/>
      <line num="131" type="stmt" count="0"/>
      <line num="132" type="stmt" count="0"/>
      <line num="134" type="stmt" count="0"/>
      <line num="135" type="stmt" count="0"/>
      <line num="137" type="stmt" count="0"/>
      <line num="138" type="stmt" count="0"/>
      <line num="139" type="stmt" count="0"/>
      <line num="140" type="stmt" count="0"/>
      <line num="141" type="stmt" count="0"/>
      <line num="142" type="stmt" count="0"/>
      <line num="143" type="stmt" count="0"/>
      <line num="144" type="stmt" count="0"/>
      <line num="145" type="stmt" count="0"/>
      <line num="147" type="stmt" count="0"/>
      <line num="148" type="stmt" count="0"/>
      <line num="149" type="stmt" count="0"/>
      <line num="150" type="stmt" count="0"/>
      <line num="152" type="stmt" count="0"/>
      <line num="153" type="stmt" count="0"/>
      <line num="154" type="stmt" count="0"/>
      <line num="156" type="stmt" count="0"/>
      <line num="157" type="stmt" count="0"/>
      <line num="158" type="stmt" count="0"/>
      <line num="159" type="stmt" count="0"/>
      <line num="161" type="stmt" count="0"/>
      <line num="165" type="stmt" count="0"/>
      <line num="166" type="stmt" count="0"/>
      <line num="167" type="stmt" count="0"/>
      <line num="171" type="stmt" count="0"/>
      <line num="172" type="stmt" count="0"/>
      <line num="174" type="stmt" count="0"/>
      <line num="176" type="stmt" count="0"/>
      <line num="179" type="method" name="persistAttendance" visibility="public" complexity="4" crap="20" count="0"/>
      <line num="181" type="stmt" count="0"/>
      <line num="182" type="stmt" count="0"/>
      <line num="183" type="stmt" count="0"/>
      <line num="186" type="stmt" count="0"/>
      <line num="187" type="stmt" count="0"/>
      <line num="188" type="stmt" count="0"/>
      <line num="189" type="stmt" count="0"/>
      <line num="190" type="stmt" count="0"/>
      <line num="191" type="stmt" count="0"/>
      <line num="192" type="stmt" count="0"/>
      <line num="194" type="stmt" count="0"/>
      <line num="195" type="stmt" count="0"/>
      <line num="196" type="stmt" count="0"/>
      <line num="197" type="stmt" count="0"/>
      <line num="198" type="stmt" count="0"/>
      <line num="199" type="stmt" count="0"/>
      <line num="201" type="stmt" count="0"/>
      <line num="202" type="stmt" count="0"/>
      <line num="205" type="stmt" count="0"/>
      <line num="208" type="method" name="uploadAttachmentToGallery" visibility="private" complexity="4" crap="20" count="0"/>
      <line num="210" type="stmt" count="0"/>
      <line num="211" type="stmt" count="0"/>
      <line num="214" type="stmt" count="0"/>
      <line num="215" type="stmt" count="0"/>
      <line num="216" type="stmt" count="0"/>
      <line num="217" type="stmt" count="0"/>
      <line num="218" type="stmt" count="0"/>
      <line num="219" type="stmt" count="0"/>
      <line num="220" type="stmt" count="0"/>
      <line num="221" type="stmt" count="0"/>
      <line num="222" type="stmt" count="0"/>
      <line num="223" type="stmt" count="0"/>
      <line num="225" type="stmt" count="0"/>
      <line num="227" type="stmt" count="0"/>
      <line num="228" type="stmt" count="0"/>
      <line num="229" type="stmt" count="0"/>
      <line num="231" type="method" name="getUserForGivenDiscordRemoteId" visibility="private" complexity="2" crap="6" count="0"/>
      <line num="234" type="stmt" count="0"/>
      <line num="235" type="stmt" count="0"/>
      <line num="236" type="stmt" count="0"/>
      <line num="237" type="stmt" count="0"/>
      <line num="238" type="stmt" count="0"/>
      <line num="239" type="stmt" count="0"/>
      <line num="241" type="stmt" count="0"/>
      <line num="247" type="method" name="notifyUsersWithoutIpsOauthAccount" visibility="private" complexity="5" crap="30" count="0"/>
      <line num="249" type="stmt" count="0"/>
      <line num="250" type="stmt" count="0"/>
      <line num="252" type="stmt" count="0"/>
      <line num="253" type="stmt" count="0"/>
      <line num="254" type="stmt" count="0"/>
      <line num="255" type="stmt" count="0"/>
      <line num="256" type="stmt" count="0"/>
      <line num="258" type="stmt" count="0"/>
      <line num="259" type="stmt" count="0"/>
      <line num="261" type="stmt" count="0"/>
      <line num="262" type="stmt" count="0"/>
      <line num="263" type="stmt" count="0"/>
      <line num="264" type="stmt" count="0"/>
      <line num="265" type="stmt" count="0"/>
      <line num="266" type="stmt" count="0"/>
      <line num="267" type="stmt" count="0"/>
      <line num="268" type="stmt" count="0"/>
      <line num="273" type="stmt" count="0"/>
      <line num="275" type="stmt" count="0"/>
      <line num="276" type="stmt" count="0"/>
      <line num="291" type="stmt" count="0"/>
      <line num="295" type="stmt" count="0"/>
      <line num="296" type="stmt" count="0"/>
      <line num="298" type="stmt" count="0"/>
      <metrics loc="299" ncloc="273" classes="1" methods="7" coveredmethods="1" conditionals="0" coveredconditionals="0" statements="146" coveredstatements="4" elements="153" coveredelements="5"/>
    </file>
    <file name="/var/www/app/Console/Kernel.php">
      <class name="App\Console\Kernel" namespace="global">
        <metrics complexity="2" methods="2" coveredmethods="1" conditionals="0" coveredconditionals="0" statements="11" coveredstatements="3" elements="13" coveredelements="4"/>
      </class>
      <line num="17" type="method" name="schedule" visibility="protected" complexity="1" crap="2" count="0"/>
      <line num="19" type="stmt" count="0"/>
      <line num="21" type="stmt" count="0"/>
      <line num="22" type="stmt" count="0"/>
      <line num="23" type="stmt" count="0"/>
      <line num="24" type="stmt" count="0"/>
      <line num="25" type="stmt" count="0"/>
      <line num="26" type="stmt" count="0"/>
      <line num="27" type="stmt" count="0"/>
      <line num="32" type="method" name="commands" visibility="protected" complexity="1" crap="1" count="49"/>
      <line num="34" type="stmt" count="49"/>
      <line num="35" type="stmt" count="49"/>
      <line num="36" type="stmt" count="49"/>
      <metrics loc="37" ncloc="28" classes="1" methods="2" coveredmethods="1" conditionals="0" coveredconditionals="0" statements="11" coveredstatements="3" elements="13" coveredelements="4"/>
    </file>
    <file name="/var/www/app/Events/Character/CharacterDeleted.php">
      <class name="App\Events\Character\CharacterDeleted" namespace="global">
        <metrics complexity="3" methods="3" coveredmethods="0" conditionals="0" coveredconditionals="0" statements="6" coveredstatements="0" elements="9" coveredelements="0"/>
      </class>
      <line num="14" type="method" name="__construct" visibility="public" complexity="1" crap="2" count="0"/>
      <line num="16" type="stmt" count="0"/>
      <line num="17" type="stmt" count="0"/>
      <line num="18" type="stmt" count="0"/>
      <line num="19" type="stmt" count="0"/>
      <line num="21" type="method" name="getCharacter" visibility="public" complexity="1" crap="2" count="0"/>
      <line num="23" type="stmt" count="0"/>
      <line num="26" type="method" name="getOwner" visibility="public" complexity="1" crap="2" count="0"/>
      <line num="28" type="stmt" count="0"/>
      <metrics loc="30" ncloc="27" classes="1" methods="3" coveredmethods="0" conditionals="0" coveredconditionals="0" statements="6" coveredstatements="0" elements="9" coveredelements="0"/>
    </file>
    <file name="/var/www/app/Events/Character/CharacterDeleting.php">
      <class name="App\Events\Character\CharacterDeleting" namespace="global">
        <metrics complexity="2" methods="2" coveredmethods="0" conditionals="0" coveredconditionals="0" statements="5" coveredstatements="0" elements="7" coveredelements="0"/>
      </class>
      <line num="15" type="method" name="__construct" visibility="public" complexity="1" crap="2" count="0"/>
      <line num="17" type="stmt" count="0"/>
      <line num="18" type="stmt" count="0"/>
      <line num="19" type="stmt" count="0"/>
      <line num="20" type="stmt" count="0"/>
      <line num="25" type="method" name="getDpsParses" visibility="public" complexity="1" crap="2" count="0"/>
      <line num="27" type="stmt" count="0"/>
      <metrics loc="29" ncloc="23" classes="1" methods="2" coveredmethods="0" conditionals="0" coveredconditionals="0" statements="5" coveredstatements="0" elements="7" coveredelements="0"/>
    </file>
    <file name="/var/www/app/Events/Character/CharacterDemoted.php">
      <class name="App\Events\Character\CharacterDemoted" namespace="global">
        <metrics complexity="3" methods="3" coveredmethods="1" conditionals="0" coveredconditionals="0" statements="6" coveredstatements="4" elements="9" coveredelements="5"/>
      </class>
      <line num="14" type="method" name="__construct" visibility="public" complexity="1" crap="1" count="1"/>
      <line num="16" type="stmt" count="1"/>
      <line num="17" type="stmt" count="1"/>
      <line num="18" type="stmt" count="1"/>
      <line num="19" type="stmt" count="1"/>
      <line num="21" type="method" name="getCharacter" visibility="public" complexity="1" crap="2" count="0"/>
      <line num="23" type="stmt" count="0"/>
      <line num="26" type="method" name="getOwner" visibility="public" complexity="1" crap="2" count="0"/>
      <line num="28" type="stmt" count="0"/>
      <metrics loc="30" ncloc="27" classes="1" methods="3" coveredmethods="1" conditionals="0" coveredconditionals="0" statements="6" coveredstatements="4" elements="9" coveredelements="5"/>
    </file>
    <file name="/var/www/app/Events/Character/CharacterNeedsRecacheInterface.php">
      <metrics loc="7" ncloc="7" classes="0" methods="0" coveredmethods="0" conditionals="0" coveredconditionals="0" statements="0" coveredstatements="0" elements="0" coveredelements="0"/>
    </file>
    <file name="/var/www/app/Events/Character/CharacterPromoted.php">
      <class name="App\Events\Character\CharacterPromoted" namespace="global">
        <metrics complexity="3" methods="3" coveredmethods="1" conditionals="0" coveredconditionals="0" statements="6" coveredstatements="4" elements="9" coveredelements="5"/>
      </class>
      <line num="11" type="method" name="__construct" visibility="public" complexity="1" crap="1" count="1"/>
      <line num="13" type="stmt" count="1"/>
      <line num="14" type="stmt" count="1"/>
      <line num="15" type="stmt" count="1"/>
      <line num="16" type="stmt" count="1"/>
      <line num="18" type="method" name="getCharacter" visibility="public" complexity="1" crap="2" count="0"/>
      <line num="20" type="stmt" count="0"/>
      <line num="23" type="method" name="getOwner" visibility="public" complexity="1" crap="2" count="0"/>
      <line num="25" type="stmt" count="0"/>
      <metrics loc="27" ncloc="27" classes="1" methods="3" coveredmethods="1" conditionals="0" coveredconditionals="0" statements="6" coveredstatements="4" elements="9" coveredelements="5"/>
    </file>
    <file name="/var/www/app/Events/Character/CharacterReset.php">
      <class name="App\Events\Character\CharacterReset" namespace="global">
        <metrics complexity="3" methods="3" coveredmethods="0" conditionals="0" coveredconditionals="0" statements="6" coveredstatements="0" elements="9" coveredelements="0"/>
      </class>
      <line num="11" type="method" name="__construct" visibility="public" complexity="1" crap="2" count="0"/>
      <line num="13" type="stmt" count="0"/>
      <line num="14" type="stmt" count="0"/>
      <line num="15" type="stmt" count="0"/>
      <line num="16" type="stmt" count="0"/>
      <line num="18" type="method" name="getCharacter" visibility="public" complexity="1" crap="2" count="0"/>
      <line num="20" type="stmt" count="0"/>
      <line num="23" type="method" name="getOwner" visibility="public" complexity="1" crap="2" count="0"/>
      <line num="25" type="stmt" count="0"/>
      <metrics loc="27" ncloc="27" classes="1" methods="3" coveredmethods="0" conditionals="0" coveredconditionals="0" statements="6" coveredstatements="0" elements="9" coveredelements="0"/>
    </file>
    <file name="/var/www/app/Events/Character/CharacterSaved.php">
      <class name="App\Events\Character\CharacterSaved" namespace="global">
        <metrics complexity="3" methods="3" coveredmethods="3" conditionals="0" coveredconditionals="0" statements="6" coveredstatements="6" elements="9" coveredelements="9"/>
      </class>
      <line num="11" type="method" name="__construct" visibility="public" complexity="1" crap="1" count="11"/>
      <line num="13" type="stmt" count="11"/>
      <line num="14" type="stmt" count="11"/>
      <line num="15" type="stmt" count="11"/>
      <line num="16" type="stmt" count="11"/>
      <line num="18" type="method" name="getCharacter" visibility="public" complexity="1" crap="1" count="11"/>
      <line num="20" type="stmt" count="11"/>
      <line num="23" type="method" name="getOwner" visibility="public" complexity="1" crap="1" count="11"/>
      <line num="25" type="stmt" count="11"/>
      <metrics loc="27" ncloc="27" classes="1" methods="3" coveredmethods="3" conditionals="0" coveredconditionals="0" statements="6" coveredstatements="6" elements="9" coveredelements="9"/>
    </file>
    <file name="/var/www/app/Events/Character/GetCharacterInterface.php">
      <metrics loc="10" ncloc="10" classes="0" methods="0" coveredmethods="0" conditionals="0" coveredconditionals="0" statements="0" coveredstatements="0" elements="0" coveredelements="0"/>
    </file>
    <file name="/var/www/app/Events/DpsParse/DpsParseApproved.php">
      <class name="App\Events\DpsParse\DpsParseApproved" namespace="global">
        <metrics complexity="4" methods="4" coveredmethods="0" conditionals="0" coveredconditionals="0" statements="7" coveredstatements="0" elements="11" coveredelements="0"/>
      </class>
      <line num="15" type="method" name="__construct" visibility="public" complexity="1" crap="2" count="0"/>
      <line num="17" type="stmt" count="0"/>
      <line num="18" type="stmt" count="0"/>
      <line num="19" type="stmt" count="0"/>
      <line num="20" type="stmt" count="0"/>
      <line num="22" type="method" name="getDpsParse" visibility="public" complexity="1" crap="2" count="0"/>
      <line num="24" type="stmt" count="0"/>
      <line num="27" type="method" name="getCharacter" visibility="public" complexity="1" crap="2" count="0"/>
      <line num="29" type="stmt" count="0"/>
      <line num="32" type="method" name="getOwner" visibility="public" complexity="1" crap="2" count="0"/>
      <line num="34" type="stmt" count="0"/>
      <metrics loc="36" ncloc="36" classes="1" methods="4" coveredmethods="0" conditionals="0" coveredconditionals="0" statements="7" coveredstatements="0" elements="11" coveredelements="0"/>
    </file>
    <file name="/var/www/app/Events/DpsParse/DpsParseDeleted.php">
      <class name="App\Events\DpsParse\DpsParseDeleted" namespace="global">
        <metrics complexity="3" methods="3" coveredmethods="1" conditionals="0" coveredconditionals="0" statements="6" coveredstatements="4" elements="9" coveredelements="5"/>
      </class>
      <line num="13" type="method" name="__construct" visibility="public" complexity="1" crap="1" count="1"/>
      <line num="15" type="stmt" count="1"/>
      <line num="16" type="stmt" count="1"/>
      <line num="17" type="stmt" count="1"/>
      <line num="18" type="stmt" count="1"/>
      <line num="20" type="method" name="getDpsParse" visibility="public" complexity="1" crap="2" count="0"/>
      <line num="22" type="stmt" count="0"/>
      <line num="25" type="method" name="getCharacter" visibility="public" complexity="1" crap="2" count="0"/>
      <line num="27" type="stmt" count="0"/>
      <metrics loc="29" ncloc="29" classes="1" methods="3" coveredmethods="1" conditionals="0" coveredconditionals="0" statements="6" coveredstatements="4" elements="9" coveredelements="5"/>
    </file>
    <file name="/var/www/app/Events/DpsParse/DpsParseDisapproved.php">
      <class name="App\Events\DpsParse\DpsParseDisapproved" namespace="global">
        <metrics complexity="4" methods="4" coveredmethods="0" conditionals="0" coveredconditionals="0" statements="7" coveredstatements="0" elements="11" coveredelements="0"/>
      </class>
      <line num="13" type="method" name="__construct" visibility="public" complexity="1" crap="2" count="0"/>
      <line num="15" type="stmt" count="0"/>
      <line num="16" type="stmt" count="0"/>
      <line num="17" type="stmt" count="0"/>
      <line num="18" type="stmt" count="0"/>
      <line num="20" type="method" name="getDpsParse" visibility="public" complexity="1" crap="2" count="0"/>
      <line num="22" type="stmt" count="0"/>
      <line num="25" type="method" name="getCharacter" visibility="public" complexity="1" crap="2" count="0"/>
      <line num="27" type="stmt" count="0"/>
      <line num="30" type="method" name="getOwner" visibility="public" complexity="1" crap="2" count="0"/>
      <line num="32" type="stmt" count="0"/>
      <metrics loc="34" ncloc="34" classes="1" methods="4" coveredmethods="0" conditionals="0" coveredconditionals="0" statements="7" coveredstatements="0" elements="11" coveredelements="0"/>
    </file>
    <file name="/var/www/app/Events/DpsParse/DpsParseSubmitted.php">
      <class name="App\Events\DpsParse\DpsParseSubmitted" namespace="global">
        <metrics complexity="4" methods="4" coveredmethods="1" conditionals="0" coveredconditionals="0" statements="7" coveredstatements="4" elements="11" coveredelements="5"/>
      </class>
      <line num="13" type="method" name="__construct" visibility="public" complexity="1" crap="1" count="1"/>
      <line num="15" type="stmt" count="1"/>
      <line num="16" type="stmt" count="1"/>
      <line num="17" type="stmt" count="1"/>
      <line num="18" type="stmt" count="1"/>
      <line num="20" type="method" name="getDpsParse" visibility="public" complexity="1" crap="2" count="0"/>
      <line num="22" type="stmt" count="0"/>
      <line num="25" type="method" name="getCharacter" visibility="public" complexity="1" crap="2" count="0"/>
      <line num="27" type="stmt" count="0"/>
      <line num="30" type="method" name="getOwner" visibility="public" complexity="1" crap="2" count="0"/>
      <line num="32" type="stmt" count="0"/>
      <metrics loc="34" ncloc="34" classes="1" methods="4" coveredmethods="1" conditionals="0" coveredconditionals="0" statements="7" coveredstatements="4" elements="11" coveredelements="5"/>
    </file>
    <file name="/var/www/app/Events/DpsParse/GetDpsParseInterface.php">
      <metrics loc="10" ncloc="10" classes="0" methods="0" coveredmethods="0" conditionals="0" coveredconditionals="0" statements="0" coveredstatements="0" elements="0" coveredelements="0"/>
    </file>
    <file name="/var/www/app/Events/DpsParse/GetDpsParsesInterface.php">
      <metrics loc="11" ncloc="8" classes="0" methods="0" coveredmethods="0" conditionals="0" coveredconditionals="0" statements="0" coveredstatements="0" elements="0" coveredelements="0"/>
    </file>
    <file name="/var/www/app/Events/File/Uploaded.php">
      <class name="App\Events\File\Uploaded" namespace="global">
        <metrics complexity="1" methods="1" coveredmethods="0" conditionals="0" coveredconditionals="0" statements="3" coveredstatements="0" elements="4" coveredelements="0"/>
      </class>
      <line num="11" type="method" name="__construct" visibility="public" complexity="1" crap="2" count="0"/>
      <line num="13" type="stmt" count="0"/>
      <line num="14" type="stmt" count="0"/>
      <line num="15" type="stmt" count="0"/>
      <metrics loc="16" ncloc="16" classes="1" methods="1" coveredmethods="0" conditionals="0" coveredconditionals="0" statements="3" coveredstatements="0" elements="4" coveredelements="0"/>
    </file>
    <file name="/var/www/app/Events/Team/GetTeamInterface.php">
      <metrics loc="10" ncloc="10" classes="0" methods="0" coveredmethods="0" conditionals="0" coveredconditionals="0" statements="0" coveredstatements="0" elements="0" coveredelements="0"/>
    </file>
    <file name="/var/www/app/Events/Team/MemberInvited.php">
      <class name="App\Events\Team\MemberInvited" namespace="global">
        <metrics complexity="4" methods="4" coveredmethods="1" conditionals="0" coveredconditionals="0" statements="8" coveredstatements="5" elements="12" coveredelements="6"/>
      </class>
      <line num="21" type="method" name="__construct" visibility="public" complexity="1" crap="1" count="1"/>
      <line num="23" type="stmt" count="1"/>
      <line num="24" type="stmt" count="1"/>
      <line num="25" type="stmt" count="1"/>
      <line num="26" type="stmt" count="1"/>
      <line num="27" type="stmt" count="1"/>
      <line num="29" type="method" name="getTeam" visibility="public" complexity="1" crap="2" count="0"/>
      <line num="31" type="stmt" count="0"/>
      <line num="34" type="method" name="getCharacter" visibility="public" complexity="1" crap="2" count="0"/>
      <line num="36" type="stmt" count="0"/>
      <line num="39" type="method" name="getOwner" visibility="public" complexity="1" crap="2" count="0"/>
      <line num="41" type="stmt" count="0"/>
      <metrics loc="43" ncloc="39" classes="1" methods="4" coveredmethods="1" conditionals="0" coveredconditionals="0" statements="8" coveredstatements="5" elements="12" coveredelements="6"/>
    </file>
    <file name="/var/www/app/Events/Team/MemberJoined.php">
      <class name="App\Events\Team\MemberJoined" namespace="global">
        <metrics complexity="4" methods="4" coveredmethods="1" conditionals="0" coveredconditionals="0" statements="8" coveredstatements="5" elements="12" coveredelements="6"/>
      </class>
      <line num="17" type="method" name="__construct" visibility="public" complexity="1" crap="1" count="1"/>
      <line num="19" type="stmt" count="1"/>
      <line num="20" type="stmt" count="1"/>
      <line num="21" type="stmt" count="1"/>
      <line num="22" type="stmt" count="1"/>
      <line num="23" type="stmt" count="1"/>
      <line num="25" type="method" name="getTeam" visibility="public" complexity="1" crap="2" count="0"/>
      <line num="27" type="stmt" count="0"/>
      <line num="30" type="method" name="getCharacter" visibility="public" complexity="1" crap="2" count="0"/>
      <line num="32" type="stmt" count="0"/>
      <line num="35" type="method" name="getOwner" visibility="public" complexity="1" crap="2" count="0"/>
      <line num="37" type="stmt" count="0"/>
      <metrics loc="39" ncloc="39" classes="1" methods="4" coveredmethods="1" conditionals="0" coveredconditionals="0" statements="8" coveredstatements="5" elements="12" coveredelements="6"/>
    </file>
    <file name="/var/www/app/Events/Team/MemberRemoved.php">
      <class name="App\Events\Team\MemberRemoved" namespace="global">
        <metrics complexity="4" methods="4" coveredmethods="1" conditionals="0" coveredconditionals="0" statements="8" coveredstatements="5" elements="12" coveredelements="6"/>
      </class>
      <line num="17" type="method" name="__construct" visibility="public" complexity="1" crap="1" count="1"/>
      <line num="19" type="stmt" count="1"/>
      <line num="20" type="stmt" count="1"/>
      <line num="21" type="stmt" count="1"/>
      <line num="22" type="stmt" count="1"/>
      <line num="23" type="stmt" count="1"/>
      <line num="25" type="method" name="getTeam" visibility="public" complexity="1" crap="2" count="0"/>
      <line num="27" type="stmt" count="0"/>
      <line num="30" type="method" name="getCharacter" visibility="public" complexity="1" crap="2" count="0"/>
      <line num="32" type="stmt" count="0"/>
      <line num="35" type="method" name="getOwner" visibility="public" complexity="1" crap="2" count="0"/>
      <line num="37" type="stmt" count="0"/>
      <metrics loc="39" ncloc="39" classes="1" methods="4" coveredmethods="1" conditionals="0" coveredconditionals="0" statements="8" coveredstatements="5" elements="12" coveredelements="6"/>
    </file>
    <file name="/var/www/app/Events/Team/TeamDeleted.php">
      <class name="App\Events\Team\TeamDeleted" namespace="global">
        <metrics complexity="2" methods="2" coveredmethods="1" conditionals="0" coveredconditionals="0" statements="4" coveredstatements="3" elements="6" coveredelements="4"/>
      </class>
      <line num="9" type="method" name="__construct" visibility="public" complexity="1" crap="1" count="1"/>
      <line num="11" type="stmt" count="1"/>
      <line num="12" type="stmt" count="1"/>
      <line num="13" type="stmt" count="1"/>
      <line num="15" type="method" name="getTeam" visibility="public" complexity="1" crap="2" count="0"/>
      <line num="17" type="stmt" count="0"/>
      <metrics loc="19" ncloc="19" classes="1" methods="2" coveredmethods="1" conditionals="0" coveredconditionals="0" statements="4" coveredstatements="3" elements="6" coveredelements="4"/>
    </file>
    <file name="/var/www/app/Events/Team/TeamNeedsRecacheInterface.php">
      <metrics loc="7" ncloc="7" classes="0" methods="0" coveredmethods="0" conditionals="0" coveredconditionals="0" statements="0" coveredstatements="0" elements="0" coveredelements="0"/>
    </file>
    <file name="/var/www/app/Events/Team/TeamUpdated.php">
      <class name="App\Events\Team\TeamUpdated" namespace="global">
        <metrics complexity="2" methods="2" coveredmethods="1" conditionals="0" coveredconditionals="0" statements="4" coveredstatements="3" elements="6" coveredelements="4"/>
      </class>
      <line num="9" type="method" name="__construct" visibility="public" complexity="1" crap="1" count="4"/>
      <line num="11" type="stmt" count="4"/>
      <line num="12" type="stmt" count="4"/>
      <line num="13" type="stmt" count="4"/>
      <line num="15" type="method" name="getTeam" visibility="public" complexity="1" crap="2" count="0"/>
      <line num="17" type="stmt" count="0"/>
      <metrics loc="19" ncloc="19" classes="1" methods="2" coveredmethods="1" conditionals="0" coveredconditionals="0" statements="4" coveredstatements="3" elements="6" coveredelements="4"/>
    </file>
    <file name="/var/www/app/Events/User/GetUserInterface.php">
      <metrics loc="10" ncloc="10" classes="0" methods="0" coveredmethods="0" conditionals="0" coveredconditionals="0" statements="0" coveredstatements="0" elements="0" coveredelements="0"/>
    </file>
    <file name="/var/www/app/Events/User/LoggedIn.php">
      <class name="App\Events\User\LoggedIn" namespace="global">
        <metrics complexity="2" methods="2" coveredmethods="0" conditionals="0" coveredconditionals="0" statements="3" coveredstatements="0" elements="5" coveredelements="0"/>
      </class>
      <line num="11" type="method" name="__construct" visibility="public" complexity="1" crap="2" count="0"/>
      <line num="13" type="stmt" count="0"/>
      <line num="14" type="stmt" count="0"/>
      <line num="16" type="method" name="getUser" visibility="public" complexity="1" crap="2" count="0"/>
      <line num="18" type="stmt" count="0"/>
      <metrics loc="20" ncloc="20" classes="1" methods="2" coveredmethods="0" conditionals="0" coveredconditionals="0" statements="3" coveredstatements="0" elements="5" coveredelements="0"/>
    </file>
    <file name="/var/www/app/Events/User/LoggedOut.php">
      <class name="App\Events\User\LoggedOut" namespace="global">
        <metrics complexity="1" methods="1" coveredmethods="0" conditionals="0" coveredconditionals="0" statements="2" coveredstatements="0" elements="3" coveredelements="0"/>
      </class>
      <line num="15" type="method" name="__construct" visibility="public" complexity="1" crap="2" count="0"/>
      <line num="17" type="stmt" count="0"/>
      <line num="18" type="stmt" count="0"/>
      <metrics loc="19" ncloc="13" classes="1" methods="1" coveredmethods="0" conditionals="0" coveredconditionals="0" statements="2" coveredstatements="0" elements="3" coveredelements="0"/>
    </file>
    <file name="/var/www/app/Events/User/NameUpdated.php">
      <class name="App\Events\User\NameUpdated" namespace="global">
        <metrics complexity="3" methods="3" coveredmethods="0" conditionals="0" coveredconditionals="0" statements="5" coveredstatements="0" elements="8" coveredelements="0"/>
      </class>
      <line num="15" type="method" name="__construct" visibility="public" complexity="1" crap="2" count="0"/>
      <line num="17" type="stmt" count="0"/>
      <line num="18" type="stmt" count="0"/>
      <line num="19" type="stmt" count="0"/>
      <line num="21" type="method" name="getUser" visibility="public" complexity="1" crap="2" count="0"/>
      <line num="23" type="stmt" count="0"/>
      <line num="26" type="method" name="getOwner" visibility="public" complexity="1" crap="2" count="0"/>
      <line num="28" type="stmt" count="0"/>
      <metrics loc="30" ncloc="24" classes="1" methods="3" coveredmethods="0" conditionals="0" coveredconditionals="0" statements="5" coveredstatements="0" elements="8" coveredelements="0"/>
    </file>
    <file name="/var/www/app/Events/User/OnboardingCompleted.php">
      <class name="App\Events\User\OnboardingCompleted" namespace="global">
        <metrics complexity="2" methods="2" coveredmethods="0" conditionals="0" coveredconditionals="0" statements="3" coveredstatements="0" elements="5" coveredelements="0"/>
      </class>
      <line num="16" type="method" name="__construct" visibility="public" complexity="1" crap="2" count="0"/>
      <line num="18" type="stmt" count="0"/>
      <line num="19" type="stmt" count="0"/>
      <line num="21" type="method" name="getOwner" visibility="public" complexity="1" crap="2" count="0"/>
      <line num="23" type="stmt" count="0"/>
      <metrics loc="25" ncloc="19" classes="1" methods="2" coveredmethods="0" conditionals="0" coveredconditionals="0" statements="3" coveredstatements="0" elements="5" coveredelements="0"/>
    </file>
    <file name="/var/www/app/Events/User/Registered.php">
      <class name="App\Events\User\Registered" namespace="global">
        <metrics complexity="3" methods="3" coveredmethods="0" conditionals="0" coveredconditionals="0" statements="5" coveredstatements="0" elements="8" coveredelements="0"/>
      </class>
      <line num="13" type="method" name="__construct" visibility="public" complexity="1" crap="2" count="0"/>
      <line num="15" type="stmt" count="0"/>
      <line num="16" type="stmt" count="0"/>
      <line num="17" type="stmt" count="0"/>
      <line num="19" type="method" name="getUser" visibility="public" complexity="1" crap="2" count="0"/>
      <line num="21" type="stmt" count="0"/>
      <line num="24" type="method" name="getOauthProvider" visibility="public" complexity="1" crap="2" count="0"/>
      <line num="26" type="stmt" count="0"/>
      <metrics loc="28" ncloc="28" classes="1" methods="3" coveredmethods="0" conditionals="0" coveredconditionals="0" statements="5" coveredstatements="0" elements="8" coveredelements="0"/>
    </file>
    <file name="/var/www/app/Events/User/UserNeedsRecacheInterface.php">
      <metrics loc="7" ncloc="7" classes="0" methods="0" coveredmethods="0" conditionals="0" coveredconditionals="0" statements="0" coveredstatements="0" elements="0" coveredelements="0"/>
    </file>
    <file name="/var/www/app/Exceptions/Exception.php">
      <class name="App\Exceptions\Exception" namespace="global">
        <metrics complexity="0" methods="0" coveredmethods="0" conditionals="0" coveredconditionals="0" statements="0" coveredstatements="0" elements="0" coveredelements="0"/>
      </class>
      <metrics loc="5" ncloc="5" classes="0" methods="0" coveredmethods="0" conditionals="0" coveredconditionals="0" statements="0" coveredstatements="0" elements="0" coveredelements="0"/>
    </file>
    <file name="/var/www/app/Exceptions/FileStream/MimeTypeNotAllowedException.php">
      <class name="App\Exceptions\FileStream\MimeTypeNotAllowedException" namespace="global">
        <metrics complexity="0" methods="0" coveredmethods="0" conditionals="0" coveredconditionals="0" statements="0" coveredstatements="0" elements="0" coveredelements="0"/>
      </class>
      <metrics loc="5" ncloc="5" classes="0" methods="0" coveredmethods="0" conditionals="0" coveredconditionals="0" statements="0" coveredstatements="0" elements="0" coveredelements="0"/>
    </file>
    <file name="/var/www/app/Exceptions/FileStream/MultipleSimultaneousUploadsNotAllowedException.php">
      <class name="App\Exceptions\FileStream\MultipleSimultaneousUploadsNotAllowedException" namespace="global">
        <metrics complexity="0" methods="0" coveredmethods="0" conditionals="0" coveredconditionals="0" statements="0" coveredstatements="0" elements="0" coveredelements="0"/>
      </class>
      <metrics loc="5" ncloc="5" classes="0" methods="0" coveredmethods="0" conditionals="0" coveredconditionals="0" statements="0" coveredstatements="0" elements="0" coveredelements="0"/>
    </file>
    <file name="/var/www/app/Exceptions/FileStream/NotFoundException.php">
      <class name="App\Exceptions\FileStream\NotFoundException" namespace="global">
        <metrics complexity="0" methods="0" coveredmethods="0" conditionals="0" coveredconditionals="0" statements="0" coveredstatements="0" elements="0" coveredelements="0"/>
      </class>
      <metrics loc="7" ncloc="7" classes="0" methods="0" coveredmethods="0" conditionals="0" coveredconditionals="0" statements="0" coveredstatements="0" elements="0" coveredelements="0"/>
    </file>
    <file name="/var/www/app/Exceptions/FileStream/TemporaryUploadFolderNotWritableException.php">
      <class name="App\Exceptions\FileStream\TemporaryUploadFolderNotWritableException" namespace="global">
        <metrics complexity="0" methods="0" coveredmethods="0" conditionals="0" coveredconditionals="0" statements="0" coveredstatements="0" elements="0" coveredelements="0"/>
      </class>
      <metrics loc="5" ncloc="5" classes="0" methods="0" coveredmethods="0" conditionals="0" coveredconditionals="0" statements="0" coveredstatements="0" elements="0" coveredelements="0"/>
    </file>
    <file name="/var/www/app/Exceptions/FileStream/UploadAttemptFailedException.php">
      <class name="App\Exceptions\FileStream\UploadAttemptFailedException" namespace="global">
        <metrics complexity="0" methods="0" coveredmethods="0" conditionals="0" coveredconditionals="0" statements="0" coveredstatements="0" elements="0" coveredelements="0"/>
      </class>
      <metrics loc="5" ncloc="5" classes="0" methods="0" coveredmethods="0" conditionals="0" coveredconditionals="0" statements="0" coveredstatements="0" elements="0" coveredelements="0"/>
    </file>
    <file name="/var/www/app/Exceptions/FileStream/UploadFilenameIsEmptyException.php">
      <class name="App\Exceptions\FileStream\UploadFilenameIsEmptyException" namespace="global">
        <metrics complexity="0" methods="0" coveredmethods="0" conditionals="0" coveredconditionals="0" statements="0" coveredstatements="0" elements="0" coveredelements="0"/>
      </class>
      <metrics loc="5" ncloc="5" classes="0" methods="0" coveredmethods="0" conditionals="0" coveredconditionals="0" statements="0" coveredstatements="0" elements="0" coveredelements="0"/>
    </file>
    <file name="/var/www/app/Exceptions/FileStream/UploadIncompleteException.php">
      <class name="App\Exceptions\FileStream\UploadIncompleteException" namespace="global">
        <metrics complexity="0" methods="0" coveredmethods="0" conditionals="0" coveredconditionals="0" statements="0" coveredstatements="0" elements="0" coveredelements="0"/>
      </class>
      <metrics loc="5" ncloc="5" classes="0" methods="0" coveredmethods="0" conditionals="0" coveredconditionals="0" statements="0" coveredstatements="0" elements="0" coveredelements="0"/>
    </file>
    <file name="/var/www/app/Exceptions/FileStream/UploadIsEmptyException.php">
      <class name="App\Exceptions\FileStream\UploadIsEmptyException" namespace="global">
        <metrics complexity="0" methods="0" coveredmethods="0" conditionals="0" coveredconditionals="0" statements="0" coveredstatements="0" elements="0" coveredelements="0"/>
      </class>
      <metrics loc="5" ncloc="5" classes="0" methods="0" coveredmethods="0" conditionals="0" coveredconditionals="0" statements="0" coveredstatements="0" elements="0" coveredelements="0"/>
    </file>
    <file name="/var/www/app/Exceptions/FileStream/UploadRequestIsNotMultipartFormDataException.php">
      <class name="App\Exceptions\FileStream\UploadRequestIsNotMultipartFormDataException" namespace="global">
        <metrics complexity="0" methods="0" coveredmethods="0" conditionals="0" coveredconditionals="0" statements="0" coveredstatements="0" elements="0" coveredelements="0"/>
      </class>
      <metrics loc="5" ncloc="5" classes="0" methods="0" coveredmethods="0" conditionals="0" coveredconditionals="0" statements="0" coveredstatements="0" elements="0" coveredelements="0"/>
    </file>
    <file name="/var/www/app/Exceptions/FileStream/UploadTooLargeException.php">
      <class name="App\Exceptions\FileStream\UploadTooLargeException" namespace="global">
        <metrics complexity="0" methods="0" coveredmethods="0" conditionals="0" coveredconditionals="0" statements="0" coveredstatements="0" elements="0" coveredelements="0"/>
      </class>
      <metrics loc="5" ncloc="5" classes="0" methods="0" coveredmethods="0" conditionals="0" coveredconditionals="0" statements="0" coveredstatements="0" elements="0" coveredelements="0"/>
    </file>
    <file name="/var/www/app/Exceptions/Handler.php">
      <class name="App\Exceptions\Handler" namespace="global">
        <metrics complexity="14" methods="2" coveredmethods="0" conditionals="0" coveredconditionals="0" statements="25" coveredstatements="12" elements="27" coveredelements="12"/>
      </class>
      <line num="44" type="method" name="render" visibility="public" complexity="12" crap="25.52" count="22"/>
      <line num="46" type="stmt" count="22"/>
      <line num="47" type="stmt" count="22"/>
      <line num="48" type="stmt" count="14"/>
      <line num="49" type="stmt" count="4"/>
      <line num="50" type="stmt" count="14"/>
      <line num="52" type="stmt" count="14"/>
      <line num="53" type="stmt" count="14"/>
      <line num="54" type="stmt" count="14"/>
      <line num="57" type="stmt" count="14"/>
      <line num="58" type="stmt" count="0"/>
      <line num="59" type="stmt" count="0"/>
      <line num="60" type="stmt" count="0"/>
      <line num="62" type="stmt" count="0"/>
      <line num="63" type="stmt" count="0"/>
[...]
      <line num="235" type="stmt" count="0"/>
      <line num="237" type="stmt" count="0"/>
      <line num="238" type="stmt" count="0"/>
      <line num="241" type="method" name="postGalleryImage" visibility="public" complexity="1" crap="2" count="0"/>
      <line num="243" type="stmt" count="0"/>
      <line num="244" type="stmt" count="0"/>
      <line num="245" type="stmt" count="0"/>
      <line num="246" type="stmt" count="0"/>
      <line num="247" type="stmt" count="0"/>
      <line num="248" type="stmt" count="0"/>
      <line num="249" type="stmt" count="0"/>
      <line num="250" type="stmt" count="0"/>
      <line num="251" type="stmt" count="0"/>
      <line num="252" type="stmt" count="0"/>
      <line num="256" type="stmt" count="0"/>
      <line num="257" type="stmt" count="0"/>
      <line num="264" type="method" name="getCmsRecords" visibility="public" complexity="1" crap="2" count="0"/>
      <line num="266" type="stmt" count="0"/>
      <line num="267" type="stmt" count="0"/>
      <line num="269" type="stmt" count="0"/>
      <line num="270" type="stmt" count="0"/>
      <line num="273" type="method" name="getCmsRecord" visibility="public" complexity="1" crap="2" count="0"/>
      <line num="275" type="stmt" count="0"/>
      <line num="276" type="stmt" count="0"/>
      <line num="278" type="stmt" count="0"/>
      <line num="279" type="stmt" count="0"/>
      <metrics loc="281" ncloc="239" classes="1" methods="16" coveredmethods="3" conditionals="0" coveredconditionals="0" statements="106" coveredstatements="19" elements="122" coveredelements="22"/>
    </file>
    <file name="/var/www/app/Services/LaravelMix.php">
      <class name="App\Services\LaravelMix" namespace="global">
        <metrics complexity="9" methods="1" coveredmethods="0" conditionals="0" coveredconditionals="0" statements="21" coveredstatements="0" elements="22" coveredelements="0"/>
      </class>
      <line num="20" type="method" name="__invoke" visibility="public" complexity="9" crap="90" count="0"/>
      <line num="22" type="stmt" count="0"/>
      <line num="24" type="stmt" count="0"/>
      <line num="25" type="stmt" count="0"/>
      <line num="28" type="stmt" count="0"/>
      <line num="29" type="stmt" count="0"/>
      <line num="31" type="stmt" count="0"/>
      <line num="32" type="stmt" count="0"/>
      <line num="35" type="stmt" count="0"/>
      <line num="38" type="stmt" count="0"/>
      <line num="40" type="stmt" count="0"/>
      <line num="41" type="stmt" count="0"/>
      <line num="42" type="stmt" count="0"/>
      <line num="45" type="stmt" count="0"/>
      <line num="48" type="stmt" count="0"/>
      <line num="50" type="stmt" count="0"/>
      <line num="51" type="stmt" count="0"/>
      <line num="53" type="stmt" count="0"/>
      <line num="54" type="stmt" count="0"/>
      <line num="56" type="stmt" count="0"/>
      <line num="59" type="stmt" count="0"/>
      <line num="62" type="stmt" count="0"/>
      <metrics loc="64" ncloc="55" classes="1" methods="1" coveredmethods="0" conditionals="0" coveredconditionals="0" statements="21" coveredstatements="0" elements="22" coveredelements="0"/>
    </file>
    <file name="/var/www/app/Services/TeamsAndEligibility.php">
      <class name="App\Services\TeamsAndEligibility" namespace="global">
        <metrics complexity="16" methods="4" coveredmethods="1" conditionals="0" coveredconditionals="0" statements="20" coveredstatements="4" elements="24" coveredelements="5"/>
      </class>
      <line num="10" type="method" name="isUserEligibleToJoin" visibility="public" complexity="3" crap="3" count="3"/>
      <line num="12" type="stmt" count="3"/>
      <line num="13" type="stmt" count="3"/>
      <line num="14" type="stmt" count="1"/>
      <line num="18" type="stmt" count="2"/>
      <line num="21" type="method" name="isUserMemberOfTeam" visibility="public" complexity="4" crap="20" count="0"/>
      <line num="23" type="stmt" count="0"/>
      <line num="24" type="stmt" count="0"/>
      <line num="25" type="stmt" count="0"/>
      <line num="29" type="stmt" count="0"/>
      <line num="32" type="method" name="isUserMemberOfAnyEndgameTeam" visibility="public" complexity="5" crap="30" count="0"/>
      <line num="34" type="stmt" count="0"/>
      <line num="35" type="stmt" count="0"/>
      <line num="36" type="stmt" count="0"/>
      <line num="37" type="stmt" count="0"/>
      <line num="38" type="stmt" count="0"/>
      <line num="43" type="stmt" count="0"/>
      <line num="46" type="method" name="areAllMembersOfTeamEligibleForPossibleNewTeamTier" visibility="public" complexity="4" crap="20" count="0"/>
      <line num="48" type="stmt" count="0"/>
      <line num="49" type="stmt" count="0"/>
      <line num="52" type="stmt" count="0"/>
      <line num="53" type="stmt" count="0"/>
      <line num="54" type="stmt" count="0"/>
      <line num="58" type="stmt" count="0"/>
      <metrics loc="60" ncloc="60" classes="1" methods="4" coveredmethods="1" conditionals="0" coveredconditionals="0" statements="20" coveredstatements="4" elements="24" coveredelements="5"/>
    </file>
    <file name="/var/www/app/Singleton/ClassTypes.php">
      <class name="App\Singleton\ClassTypes" namespace="global">
        <metrics complexity="3" methods="2" coveredmethods="1" conditionals="0" coveredconditionals="0" statements="3" coveredstatements="1" elements="5" coveredelements="2"/>
      </class>
      <line num="43" type="method" name="getClassId" visibility="public" complexity="2" crap="6" count="0"/>
      <line num="45" type="stmt" count="0"/>
      <line num="47" type="stmt" count="0"/>
      <line num="55" type="method" name="getClassName" visibility="public" complexity="1" crap="1" count="20"/>
      <line num="57" type="stmt" count="20"/>
      <metrics loc="59" ncloc="49" classes="1" methods="2" coveredmethods="1" conditionals="0" coveredconditionals="0" statements="3" coveredstatements="1" elements="5" coveredelements="2"/>
    </file>
    <file name="/var/www/app/Singleton/RoleTypes.php">
      <class name="App\Singleton\RoleTypes" namespace="global">
        <metrics complexity="4" methods="4" coveredmethods="1" conditionals="0" coveredconditionals="0" statements="4" coveredstatements="1" elements="8" coveredelements="2"/>
      </class>
      <line num="51" type="method" name="getRoleName" visibility="public" complexity="1" crap="2" count="0"/>
      <line num="53" type="stmt" count="0"/>
      <line num="61" type="method" name="getShortRoleText" visibility="public" complexity="1" crap="1" count="20"/>
      <line num="63" type="stmt" count="20"/>
      <line num="71" type="method" name="getRoleId" visibility="public" complexity="1" crap="2" count="0"/>
      <line num="73" type="stmt" count="0"/>
      <line num="81" type="method" name="getRoleIcon" visibility="public" complexity="1" crap="2" count="0"/>
      <line num="83" type="stmt" count="0"/>
      <metrics loc="85" ncloc="65" classes="1" methods="4" coveredmethods="1" conditionals="0" coveredconditionals="0" statements="4" coveredstatements="1" elements="8" coveredelements="2"/>
    </file>
    <file name="/var/www/app/Traits/Attendance/IsAttendance.php">
      <class name="App\Traits\Attendance\IsAttendance" namespace="global">
        <metrics complexity="13" methods="2" coveredmethods="0" conditionals="0" coveredconditionals="0" statements="26" coveredstatements="19" elements="28" coveredelements="19"/>
      </class>
      <line num="9" type="method" name="parseAttendanceGalleryImages" visibility="private" complexity="6" crap="6.56" count="1"/>
      <line num="12" type="stmt" count="1"/>
      <line num="13" type="stmt" count="1"/>
      <line num="14" type="stmt" count="1"/>
      <line num="16" type="stmt" count="0"/>
      <line num="19" type="stmt" count="1"/>
      <line num="20" type="stmt" count="1"/>
      <line num="21" type="stmt" count="0"/>
      <line num="22" type="stmt" count="1"/>
      <line num="23" type="stmt" count="1"/>
      <line num="24" type="stmt" count="1"/>
      <line num="25" type="stmt" count="0"/>
      <line num="26" type="stmt" count="0"/>
      <line num="28" type="stmt" count="1"/>
      <line num="29" type="stmt" count="1"/>
      <line num="30" type="stmt" count="1"/>
      <line num="32" type="stmt" count="1"/>
      <line num="35" type="method" name="parseAttendanceAttendees" visibility="private" complexity="7" crap="8.32" count="1"/>
      <line num="38" type="stmt" count="1"/>
      <line num="39" type="stmt" count="1"/>
      <line num="40" type="stmt" count="1"/>
      <line num="42" type="stmt" count="0"/>
      <line num="45" type="stmt" count="1"/>
      <line num="46" type="stmt" count="1"/>
      <line num="47" type="stmt" count="1"/>
      <line num="48" type="stmt" count="0"/>
      <line num="49" type="stmt" count="0"/>
      <line num="53" type="stmt" count="1"/>
      <metrics loc="55" ncloc="55" classes="1" methods="2" coveredmethods="0" conditionals="0" coveredconditionals="0" statements="26" coveredstatements="19" elements="28" coveredelements="19"/>
    </file>
    <file name="/var/www/app/Traits/Character/HasOrIsDpsParse.php">
      <class name="App\Traits\Character\HasOrIsDpsParse" namespace="global">
        <metrics complexity="9" methods="3" coveredmethods="1" conditionals="0" coveredconditionals="0" statements="26" coveredstatements="24" elements="29" coveredelements="25"/>
      </class>
      <line num="12" type="method" name="processDpsParses" visibility="public" complexity="5" crap="5.01" count="20"/>
      <line num="14" type="stmt" count="20"/>
      <line num="15" type="stmt" count="20"/>
      <line num="16" type="stmt" count="20"/>
      <line num="17" type="stmt" count="1"/>
      <line num="18" type="stmt" count="1"/>
      <line num="19" type="stmt" count="1"/>
      <line num="20" type="stmt" count="0"/>
      <line num="22" type="stmt" count="1"/>
      <line num="25" type="stmt" count="20"/>
      <line num="26" type="stmt" count="20"/>
      <line num="27" type="stmt" count="20"/>
      <line num="28" type="stmt" count="20"/>
      <line num="29" type="stmt" count="20"/>
      <line num="31" type="method" name="parseDpsParseSets" visibility="public" complexity="1" crap="1" count="1"/>
      <line num="33" type="stmt" count="1"/>
      <line num="34" type="stmt" count="1"/>
      <line num="36" type="stmt" count="1"/>
      <line num="37" type="stmt" count="1"/>
      <line num="38" type="stmt" count="1"/>
      <line num="40" type="stmt" count="1"/>
      <line num="43" type="method" name="parseScreenshotFiles" visibility="public" complexity="3" crap="3.03" count="1"/>
      <line num="45" type="stmt" count="1"/>
      <line num="46" type="stmt" count="1"/>
      <line num="47" type="stmt" count="1"/>
      <line num="48" type="stmt" count="0"/>
      <line num="50" type="stmt" count="1"/>
      <line num="51" type="stmt" count="1"/>
      <line num="52" type="stmt" count="1"/>
      <metrics loc="53" ncloc="52" classes="1" methods="3" coveredmethods="1" conditionals="0" coveredconditionals="0" statements="26" coveredstatements="24" elements="29" coveredelements="25"/>
    </file>
    <file name="/var/www/app/Traits/Character/IsCharacter.php">
      <class name="App\Traits\Character\IsCharacter" namespace="global">
        <metrics complexity="2" methods="2" coveredmethods="1" conditionals="0" coveredconditionals="0" statements="12" coveredstatements="11" elements="14" coveredelements="12"/>
      </class>
      <line num="9" type="method" name="parseCharacterSets" visibility="public" complexity="1" crap="1" count="20"/>
      <line num="11" type="stmt" count="20"/>
      <line num="12" type="stmt" count="20"/>
      <line num="14" type="stmt" count="20"/>
      <line num="15" type="stmt" count="1"/>
      <line num="16" type="stmt" count="20"/>
      <line num="18" type="stmt" count="20"/>
      <line num="21" type="method" name="parseCharacterSkills" visibility="public" complexity="1" crap="1.00" count="20"/>
      <line num="23" type="stmt" count="20"/>
      <line num="24" type="stmt" count="20"/>
      <line num="26" type="stmt" count="20"/>
      <line num="27" type="stmt" count="0"/>
      <line num="28" type="stmt" count="20"/>
      <line num="30" type="stmt" count="20"/>
      <metrics loc="32" ncloc="30" classes="1" methods="2" coveredmethods="1" conditionals="0" coveredconditionals="0" statements="12" coveredstatements="11" elements="14" coveredelements="12"/>
    </file>
    <file name="/var/www/app/Traits/Team/IsTeam.php">
      <class name="App\Traits\Team\IsTeam" namespace="global">
        <metrics complexity="5" methods="3" coveredmethods="3" conditionals="0" coveredconditionals="0" statements="28" coveredstatements="28" elements="31" coveredelements="31"/>
      </class>
      <line num="10" type="method" name="parseCreatedBy" visibility="public" complexity="1" crap="1" count="15"/>
      <line num="12" type="stmt" count="15"/>
      <line num="13" type="stmt" count="15"/>
      <line num="14" type="stmt" count="15"/>
      <line num="15" type="stmt" count="15"/>
      <line num="16" type="stmt" count="15"/>
      <line num="18" type="method" name="parseLedBy" visibility="public" complexity="1" crap="1" count="15"/>
      <line num="20" type="stmt" count="15"/>
      <line num="21" type="stmt" count="15"/>
      <line num="22" type="stmt" count="15"/>
      <line num="23" type="stmt" count="15"/>
      <line num="24" type="stmt" count="15"/>
      <line num="26" type="method" name="parseMembers" visibility="public" complexity="3" crap="3" count="15"/>
      <line num="28" type="stmt" count="15"/>
      <line num="29" type="stmt" count="15"/>
      <line num="31" type="stmt" count="15"/>
      <line num="32" type="stmt" count="15"/>
      <line num="34" type="stmt" count="15"/>
      <line num="35" type="stmt" count="15"/>
      <line num="36" type="stmt" count="15"/>
      <line num="37" type="stmt" count="15"/>
      <line num="38" type="stmt" count="15"/>
      <line num="39" type="stmt" count="15"/>
      <line num="40" type="stmt" count="15"/>
      <line num="41" type="stmt" count="7"/>
      <line num="42" type="stmt" count="7"/>
      <line num="43" type="stmt" count="7"/>
      <line num="45" type="stmt" count="7"/>
      <line num="46" type="stmt" count="7"/>
      <line num="49" type="stmt" count="15"/>
      <line num="50" type="stmt" count="15"/>
      <metrics loc="51" ncloc="46" classes="1" methods="3" coveredmethods="3" conditionals="0" coveredconditionals="0" statements="28" coveredstatements="28" elements="31" coveredelements="31"/>
    </file>
    <file name="/var/www/app/Traits/User/Activates.php">
      <class name="App\Traits\User\Activates" namespace="global">
        <metrics complexity="11" methods="7" coveredmethods="0" conditionals="0" coveredconditionals="0" statements="26" coveredstatements="0" elements="33" coveredelements="0"/>
      </class>
      <line num="16" type="method" name="create" visibility="protected" complexity="1" crap="2" count="0"/>
      <line num="18" type="stmt" count="0"/>
      <line num="19" type="stmt" count="0"/>
      <line num="20" type="stmt" count="0"/>
      <line num="21" type="stmt" count="0"/>
      <line num="22" type="stmt" count="0"/>
      <line num="24" type="stmt" count="0"/>
      <line num="33" type="method" name="exists" visibility="protected" complexity="3" crap="12" count="0"/>
      <line num="35" type="stmt" count="0"/>
      <line num="36" type="stmt" count="0"/>
      <line num="37" type="stmt" count="0"/>
      <line num="38" type="stmt" count="0"/>
      <line num="41" type="stmt" count="0"/>
      <line num="49" type="method" name="expires" visibility="protected" complexity="1" crap="2" count="0"/>
      <line num="51" type="stmt" count="0"/>
      <line num="53" type="stmt" count="0"/>
      <line num="61" type="method" name="completed" visibility="protected" complexity="2" crap="6" count="0"/>
      <line num="63" type="stmt" count="0"/>
      <line num="65" type="stmt" count="0"/>
      <line num="74" type="method" name="complete" visibility="public" complexity="2" crap="6" count="0"/>
      <line num="76" type="stmt" count="0"/>
      <line num="77" type="stmt" count="0"/>
      <line num="78" type="stmt" count="0"/>
      <line num="79" type="stmt" count="0"/>
      <line num="81" type="stmt" count="0"/>
      <line num="82" type="stmt" count="0"/>
      <line num="83" type="stmt" count="0"/>
      <line num="85" type="stmt" count="0"/>
      <line num="87" type="stmt" count="0"/>
      <line num="95" type="method" name="generateActivationCode" visibility="protected" complexity="1" crap="2" count="0"/>
      <line num="97" type="stmt" count="0"/>
      <line num="105" type="method" name="getActivationEmailSubject" visibility="protected" complexity="1" crap="2" count="0"/>
      <line num="107" type="stmt" count="0"/>
      <metrics loc="109" ncloc="72" classes="1" methods="7" coveredmethods="0" conditionals="0" coveredconditionals="0" statements="26" coveredstatements="0" elements="33" coveredelements="0"/>
    </file>
    <file name="/var/www/app/Traits/User/CanActivate.php">
      <class name="App\Traits\User\CanActivate" namespace="global">
        <metrics complexity="1" methods="1" coveredmethods="0" conditionals="0" coveredconditionals="0" statements="1" coveredstatements="0" elements="2" coveredelements="0"/>
      </class>
      <line num="12" type="method" name="activations" visibility="public" complexity="1" crap="2" count="0"/>
      <line num="15" type="stmt" count="0"/>
      <metrics loc="17" ncloc="14" classes="1" methods="1" coveredmethods="0" conditionals="0" coveredconditionals="0" statements="1" coveredstatements="0" elements="2" coveredelements="0"/>
    </file>
    <file name="/var/www/app/Traits/User/IsUser.php">
      <class name="App\Traits\User\IsUser" namespace="global">
        <metrics complexity="6" methods="3" coveredmethods="2" conditionals="0" coveredconditionals="0" statements="22" coveredstatements="21" elements="25" coveredelements="23"/>
      </class>
      <line num="12" type="method" name="parseLinkedAccounts" visibility="public" complexity="3" crap="3.01" count="17"/>
      <line num="14" type="stmt" count="17"/>
      <line num="15" type="stmt" count="17"/>
      <line num="16" type="stmt" count="17"/>
      <line num="17" type="stmt" count="17"/>
      <line num="18" type="stmt" count="0"/>
      <line num="20" type="stmt" count="17"/>
      <line num="21" type="stmt" count="17"/>
      <line num="22" type="stmt" count="17"/>
      <line num="23" type="stmt" count="17"/>
      <line num="24" type="stmt" count="17"/>
      <line num="25" type="stmt" count="17"/>
      <line num="26" type="stmt" count="17"/>
      <line num="28" type="method" name="parseCharacters" visibility="public" complexity="2" crap="2" count="17"/>
      <line num="30" type="stmt" count="17"/>
      <line num="31" type="stmt" count="17"/>
      <line num="32" type="stmt" count="17"/>
      <line num="33" type="stmt" count="17"/>
      <line num="35" type="stmt" count="17"/>
      <line num="36" type="stmt" count="17"/>
      <line num="38" type="method" name="calculateUserRank" visibility="public" complexity="1" crap="1" count="17"/>
      <line num="40" type="stmt" count="17"/>
      <line num="41" type="stmt" count="17"/>
      <line num="42" type="stmt" count="17"/>
      <line num="43" type="stmt" count="17"/>
      <metrics loc="44" ncloc="44" classes="1" methods="3" coveredmethods="2" conditionals="0" coveredconditionals="0" statements="22" coveredstatements="21" elements="25" coveredelements="23"/>
    </file>
    <metrics files="163" loc="10182" ncloc="8312" classes="126" methods="364" coveredmethods="102" conditionals="0" coveredconditionals="0" statements="2985" coveredstatements="795" elements="3349" coveredelements="897"/>
  </project>
</coverage>
